
Class 4 #Itens 80 bin size 100 x 100
Instance 1 / Absolute 181
Running for 200 generations...
Best solution found has objective value = 3.4575
Best packing sequence 24 49 48 22 71 79 58 40 67 44 33 55 78 73 41 36 31 2 59 38 19 54 30 18 28 15 6 16 43 35 10 34 17 77 27 69 4 56 8 52 46 74 60 7 65 23 42 72 37 3 53 62 11 5 61 12 76 32 47 68 26 75 25 66 64 1 0 45 63 70 21 50 14 20 29 13 57 51 9 39

Class 4 #Itens 80 bin size 100 x 100
Instance 2 / Absolute 182
Running for 200 generations...
Best solution found has objective value = 3.5509
Best packing sequence 19 35 0 43 31 27 32 59 70 11 30 50 13 73 3 40 29 44 22 14 49 65 23 26 28 68 36 41 78 33 69 67 24 42 20 75 76 46 5 79 17 48 34 63 55 9 71 66 56 58 54 52 2 77 45 10 25 16 74 21 6 62 37 18 53 60 8 12 38 39 15 57 72 7 51 64 61 47 1 4

Class 4 #Itens 80 bin size 100 x 100
Instance 3 / Absolute 183
Running for 200 generations...
Best solution found has objective value = 3.4909
Best packing sequence 71 43 21 34 54 76 45 41 52 22 79 37 57 40 13 20 69 51 28 11 14 2 23 64 32 49 35 56 48 18 30 68 39 9 26 60 6 75 24 55 66 50 38 4 58 10 17 33 5 3 0 74 59 27 72 47 15 53 44 67 8 7 73 31 61 29 78 46 42 36 62 16 25 70 19 1 77 63 65 12

Class 4 #Itens 80 bin size 100 x 100
Instance 4 / Absolute 184
Running for 200 generations...
Best solution found has objective value = 3.6213
Best packing sequence 16 31 8 23 9 25 41 36 43 3 60 26 2 6 5 42 13 61 34 21 32 57 53 14 11 71 4 33 29 54 18 45 65 22 63 20 74 68 73 48 79 75 70 47 7 69 12 0 10 64 28 62 27 44 30 59 37 50 72 76 19 38 51 35 56 46 24 58 40 77 78 52 67 49 66 15 1 55 17 39

Class 4 #Itens 80 bin size 100 x 100
Instance 5 / Absolute 185
Running for 200 generations...
Best solution found has objective value = 3.5106
Best packing sequence 79 59 52 70 28 46 64 7 15 61 47 56 40 11 0 53 20 35 67 72 1 71 32 77 8 12 63 22 18 50 13 55 9 5 48 68 31 26 33 21 37 73 25 75 2 10 4 17 58 66 42 14 44 29 76 62 54 23 16 45 38 41 24 39 78 49 60 43 34 51 57 3 30 6 36 69 27 74 65 19

Class 4 #Itens 80 bin size 100 x 100
Instance 6 / Absolute 186
Running for 200 generations...
Best solution found has objective value = 3.7544
Best packing sequence 67 60 18 3 58 77 52 43 7 65 36 27 46 20 63 54 72 28 32 1 44 30 4 37 41 19 38 2 57 23 48 24 45 47 11 50 75 33 74 6 79 21 12 59 62 10 53 76 9 69 49 14 71 0 34 61 15 31 68 5 73 51 66 42 25 22 78 16 35 39 70 56 64 8 55 29 13 26 40 17

Class 4 #Itens 80 bin size 100 x 100
Instance 7 / Absolute 187
Running for 200 generations...
Best solution found has objective value = 4.0288
Best packing sequence 23 62 15 52 74 63 73 25 20 0 13 42 45 21 35 50 8 6 18 29 22 49 27 57 41 2 47 58 36 39 40 37 77 78 75 79 9 12 67 71 69 16 11 59 38 7 3 5 55 61 30 54 56 48 10 14 17 70 68 4 64 28 60 43 76 72 53 31 51 19 1 24 66 33 26 32 65 34 46 44

Class 4 #Itens 80 bin size 100 x 100
Instance 8 / Absolute 188
Running for 200 generations...
Best solution found has objective value = 3.925
Best packing sequence 72 55 4 21 65 6 69 54 52 16 58 20 48 24 59 22 36 61 26 63 19 51 27 73 13 33 60 64 37 7 43 78 23 9 30 44 76 62 8 71 38 10 5 11 74 2 50 45 28 56 75 77 15 40 47 34 18 49 41 46 17 1 53 3 57 68 25 70 29 79 12 31 42 67 14 0 32 35 39 66

Class 4 #Itens 80 bin size 100 x 100
Instance 9 / Absolute 189
Running for 200 generations...
Best solution found has objective value = 4.0809
Best packing sequence 78 8 39 44 21 36 61 41 9 38 63 16 25 55 68 52 35 56 22 75 57 6 27 0 53 70 2 54 43 42 72 77 69 51 23 12 58 37 13 60 24 19 18 31 46 28 73 32 62 3 40 34 64 74 50 26 1 7 29 30 17 5 11 67 14 4 49 10 45 48 47 59 20 76 65 15 33 79 66 71

Class 4 #Itens 80 bin size 100 x 100
Instance 10 / Absolute 190
Running for 200 generations...
Best solution found has objective value = 3.6023
Best packing sequence 60 74 42 14 72 26 76 8 46 77 58 35 32 1 36 30 27 25 43 52 34 68 48 63 28 22 7 69 55 45 56 3 17 62 61 75 79 19 16 51 6 18 29 31 37 33 67 15 65 39 24 66 54 41 40 10 23 21 9 64 49 73 59 38 78 13 44 2 47 12 50 53 0 20 70 57 71 11 4 5

# Bins (mean) = 3.2
Class mean = 3.70226
Min fitness = 3.4575