
Class 2 #Itens 20 bin size 30 x 30
Instance 1 / Absolute 51
Running for 200 generations...
Best solution found has objective value = 1.72
Best packing sequence 16 14 15 9 4 6 11 3 0 12 2 5 1 18 10 17 19 7 13 8 

Class 2 #Itens 20 bin size 30 x 30
Instance 2 / Absolute 52
Running for 200 generations...
Best solution found has objective value = 1.48111
Best packing sequence 16 14 15 9 4 6 11 3 0 12 2 5 1 18 10 17 19 7 13 8 

Class 2 #Itens 20 bin size 30 x 30
Instance 3 / Absolute 53
Running for 200 generations...
Best solution found has objective value = 1.72222
Best packing sequence 16 14 15 9 4 6 11 3 0 12 2 5 1 18 10 17 19 7 13 8 

Class 2 #Itens 20 bin size 30 x 30
Instance 4 / Absolute 54
Running for 200 generations...
Best solution found has objective value = 1.52222
Best packing sequence 16 14 15 9 4 6 11 3 0 12 2 5 1 18 10 17 19 7 13 8 

Class 2 #Itens 20 bin size 30 x 30
Instance 5 / Absolute 55
Running for 200 generations...
Best solution found has objective value = 1.59333
Best packing sequence 16 14 15 9 4 6 11 3 0 12 2 5 1 18 10 17 19 7 13 8 

Class 2 #Itens 20 bin size 30 x 30
Instance 6 / Absolute 56
Running for 200 generations...
Best solution found has objective value = 1.81778
Best packing sequence 6 12 9 13 7 4 11 19 1 14 16 15 5 10 3 18 17 8 0 2 

Class 2 #Itens 20 bin size 30 x 30
Instance 7 / Absolute 57
Running for 200 generations...
Best solution found has objective value = 1.58889
Best packing sequence 16 14 15 9 4 6 11 3 0 12 2 5 1 18 10 17 19 7 13 8 

Class 2 #Itens 20 bin size 30 x 30
Instance 8 / Absolute 58
Running for 200 generations...
Best solution found has objective value = 1.56333
Best packing sequence 16 14 15 9 4 6 11 3 0 12 2 5 1 18 10 17 19 7 13 8 

Class 2 #Itens 20 bin size 30 x 30
Instance 9 / Absolute 59
Running for 200 generations...
Best solution found has objective value = 1.68333
Best packing sequence 16 14 15 9 4 6 11 3 0 12 2 5 1 18 10 17 19 7 13 8 

Class 2 #Itens 20 bin size 30 x 30
Instance 10 / Absolute 60
Running for 200 generations...
Best solution found has objective value = 1.73778
Best packing sequence 16 14 15 9 4 6 11 3 0 12 2 5 1 18 10 17 19 7 13 8 

Z 1
Class mean 1.643
Min fitness 1.48111


Class 2 #Itens 40 bin size 30 x 30
Instance 1 / Absolute 61
Running for 200 generations...
Best solution found has objective value = 1.99444
Best packing sequence 38 4 28 24 11 1 17 39 37 2 35 22 23 21 14 19 9 33 31 5 13 29 0 8 6 15 32 16 10 26 18 34 12 3 30 7 36 25 20 27 

Class 2 #Itens 40 bin size 30 x 30
Instance 2 / Absolute 62
Running for 200 generations...
Best solution found has objective value = 2.18889
Best packing sequence 38 33 4 19 6 24 30 10 25 15 16 28 36 27 29 34 2 8 35 14 0 23 5 7 22 11 12 37 17 21 18 3 9 26 20 1 39 13 31 32 

Class 2 #Itens 40 bin size 30 x 30
Instance 3 / Absolute 63
Running for 200 generations...
Best solution found has objective value = 2.54444
Best packing sequence 22 5 39 38 17 15 29 13 11 35 8 25 26 23 12 36 18 0 30 33 2 21 27 6 24 28 19 1 3 4 31 37 20 10 14 7 32 9 16 34 

Class 2 #Itens 40 bin size 30 x 30
Instance 4 / Absolute 64
Running for 200 generations...
Best solution found has objective value = 2.38556
Best packing sequence 19 14 27 35 22 11 20 5 12 24 28 3 0 32 25 33 30 23 16 29 2 6 18 17 13 34 15 31 37 10 9 4 8 21 7 26 1 38 36 39 

Class 2 #Itens 40 bin size 30 x 30
Instance 5 / Absolute 65
Running for 200 generations...
Best solution found has objective value = 2.52889
Best packing sequence 33 34 0 24 25 29 38 4 23 3 31 36 20 22 30 1 37 28 15 9 21 32 10 8 12 39 7 18 6 19 14 2 16 5 35 11 27 26 17 13 

Class 2 #Itens 40 bin size 30 x 30
Instance 6 / Absolute 66
Running for 200 generations...
Best solution found has objective value = 2.17889
Best packing sequence 23 34 11 35 14 28 9 32 36 18 22 13 16 17 37 30 38 33 12 29 10 27 6 24 39 4 26 20 0 2 19 25 1 8 21 3 31 7 15 5 

Class 2 #Itens 40 bin size 30 x 30
Instance 7 / Absolute 67
Running for 200 generations...
Best solution found has objective value = 2.19333
Best packing sequence 21 2 25 28 26 18 23 29 32 9 38 17 16 35 10 1 30 39 36 20 4 3 6 24 8 19 5 31 12 33 34 15 11 37 27 13 0 7 22 14 

Class 2 #Itens 40 bin size 30 x 30
Instance 8 / Absolute 68
Running for 200 generations...
Best solution found has objective value = 2.61556
Best packing sequence 31 8 16 36 9 32 11 34 23 28 24 6 2 30 4 22 26 14 0 12 3 25 13 20 7 18 29 33 21 10 38 35 27 5 17 1 37 19 39 15 

Class 2 #Itens 40 bin size 30 x 30
Instance 9 / Absolute 69
Running for 200 generations...
Best solution found has objective value = 2.12222
Best packing sequence 39 10 35 37 26 20 16 38 29 28 18 24 33 25 8 12 32 27 5 22 14 36 4 1 30 7 34 9 31 15 3 19 6 17 21 23 13 2 0 11 

Class 2 #Itens 40 bin size 30 x 30
Instance 10 / Absolute 70
Running for 200 generations...
Best solution found has objective value = 2.14
Best packing sequence 7 9 22 11 28 0 13 16 10 12 32 17 18 25 1 20 35 36 8 6 2 31 26 23 21 37 24 38 27 15 14 30 29 3 34 4 19 39 5 33 

Z 1.9
Class mean 2.28922
Min fitness 1.99444


Class 2 #Itens 60 bin size 30 x 30
Instance 1 / Absolute 71
Running for 200 generations...
Best solution found has objective value = 3.23
Best packing sequence 5 48 35 11 9 27 59 7 51 6 54 20 57 45 4 21 1 53 32 38 24 33 17 13 30 22 31 36 8 28 19 46 50 0 58 2 49 39 43 47 15 34 56 3 26 55 14 16 18 52 42 40 37 12 41 10 23 25 44 29 

Class 2 #Itens 60 bin size 30 x 30
Instance 2 / Absolute 72
Running for 200 generations...
Best solution found has objective value = 2.96222
Best packing sequence 17 8 2 38 37 20 35 15 45 5 7 27 9 13 49 26 11 24 1 39 29 22 30 6 31 3 42 25 53 14 21 4 48 18 16 23 41 54 12 52 46 44 28 59 43 36 10 34 33 0 50 58 55 19 47 32 51 40 56 57 

Class 2 #Itens 60 bin size 30 x 30
Instance 3 / Absolute 73
Running for 200 generations...
Best solution found has objective value = 3.03111
Best packing sequence 2 41 3 39 23 38 37 33 4 43 52 5 25 29 16 30 26 10 55 47 0 9 13 44 40 20 53 31 51 57 50 58 19 6 35 34 8 12 54 22 49 24 42 11 18 46 59 45 14 21 48 17 56 36 28 1 7 15 27 32 

Class 2 #Itens 60 bin size 30 x 30
Instance 4 / Absolute 74
Running for 200 generations...
Best solution found has objective value = 3.03222
Best packing sequence 48 11 23 43 5 52 41 57 9 32 30 6 13 14 28 45 37 51 40 35 22 12 18 50 21 58 25 8 39 49 54 34 2 53 26 42 38 29 33 24 17 56 7 59 31 20 47 55 36 27 0 19 1 16 3 10 46 15 44 4 

Class 2 #Itens 60 bin size 30 x 30
Instance 5 / Absolute 75
Running for 200 generations...
Best solution found has objective value = 2.83222
Best packing sequence 3 45 28 9 34 54 5 4 41 17 8 20 13 2 23 53 43 25 26 58 37 44 24 14 21 52 1 40 22 30 18 59 36 47 57 0 50 49 7 29 55 39 42 38 19 33 12 11 16 46 6 10 51 48 32 35 27 15 56 31 

Class 2 #Itens 60 bin size 30 x 30
Instance 6 / Absolute 76
Running for 200 generations...
Best solution found has objective value = 2.84333
Best packing sequence 22 32 25 44 20 33 35 41 55 40 58 52 54 49 50 18 53 43 23 30 24 10 27 38 2 5 46 36 51 8 29 6 12 14 59 7 9 42 28 16 0 45 19 57 21 15 26 39 17 11 48 37 13 4 1 3 31 34 47 56 

Class 2 #Itens 60 bin size 30 x 30
Instance 7 / Absolute 77
Running for 200 generations...
Best solution found has objective value = 2.64444
Best packing sequence 14 52 24 35 18 5 44 6 3 56 34 12 30 25 1 26 59 13 20 33 58 8 43 57 36 39 28 49 16 40 4 51 50 27 48 45 38 32 23 46 37 0 10 22 11 2 41 42 47 7 17 19 54 9 55 15 21 29 31 53 

Class 2 #Itens 60 bin size 30 x 30
Instance 8 / Absolute 78
Running for 200 generations...
Best solution found has objective value = 3.09556
Best packing sequence 46 19 36 57 3 30 54 18 12 1 27 4 23 52 38 45 37 32 47 20 2 58 7 50 31 42 28 29 43 0 22 48 51 25 11 44 17 41 16 21 10 33 24 15 56 55 53 59 9 6 5 8 49 34 35 14 13 40 26 39 

Class 2 #Itens 60 bin size 30 x 30
Instance 9 / Absolute 79
Running for 200 generations...
Best solution found has objective value = 2.93
Best packing sequence 47 33 38 50 44 28 42 8 7 20 25 51 31 12 48 58 37 26 22 34 15 39 24 16 11 55 40 19 6 54 53 43 57 46 29 41 32 30 0 3 36 10 18 9 17 27 49 2 23 21 35 4 56 13 52 14 59 5 45 1 

Class 2 #Itens 60 bin size 30 x 30
Instance 10 / Absolute 80
Running for 200 generations...
Best solution found has objective value = 3.34333
Best packing sequence 49 48 59 14 0 54 44 23 38 18 22 29 13 25 50 39 42 12 19 24 27 20 11 28 21 53 47 7 16 2 1 6 5 51 4 35 17 45 55 40 58 10 30 34 56 32 43 9 36 3 57 31 15 26 41 37 33 8 46 52 

Z 2.5
Class mean 2.99444
Min fitness 2.64444


Class 2 #Itens 80 bin size 30 x 30
Instance 1 / Absolute 81
Running for 200 generations...
Best solution found has objective value = 3.52667
Best packing sequence 68 27 10 19 62 30 6 71 42 54 44 74 15 2 49 24 56 38 40 43 59 55 67 4 58 28 48 33 73 16 79 25 76 22 11 63 35 78 14 41 52 0 46 65 3 37 72 61 23 20 31 50 5 57 70 1 26 29 13 18 36 47 51 32 64 12 69 60 45 66 34 75 53 21 17 8 77 39 9 7 

Class 2 #Itens 80 bin size 30 x 30
Instance 2 / Absolute 82
Running for 200 generations...
Best solution found has objective value = 3.67444
Best packing sequence 59 42 19 49 11 43 44 28 22 46 14 35 40 33 50 76 79 0 32 20 30 5 68 27 78 66 53 48 74 25 26 67 3 75 23 57 36 71 70 16 34 51 24 52 72 65 69 31 77 21 62 45 10 1 54 15 58 2 9 56 39 12 37 63 60 64 17 6 47 38 61 8 18 29 55 13 4 7 41 73 

Class 2 #Itens 80 bin size 30 x 30
Instance 3 / Absolute 83
Running for 200 generations...
Best solution found has objective value = 3.55333
Best packing sequence 40 50 41 54 30 57 71 67 44 2 76 35 22 14 52 19 13 59 23 43 32 64 47 25 28 34 38 51 49 9 11 5 18 75 37 69 20 56 66 48 0 45 17 60 61 42 8 1 74 39 53 29 58 55 36 72 10 21 26 6 7 79 24 4 77 46 16 15 33 68 12 31 70 78 63 62 3 65 73 27 

Class 2 #Itens 80 bin size 30 x 30
Instance 4 / Absolute 84
Running for 200 generations...
Best solution found has objective value = 3.70889
Best packing sequence 57 2 11 45 42 6 3 9 21 4 31 16 32 29 25 68 43 23 73 26 34 62 65 22 8 36 54 39 71 61 50 58 48 60 28 10 75 5 27 33 74 53 14 0 20 18 30 56 49 13 72 38 15 41 24 47 79 63 64 12 37 46 76 70 19 51 35 44 40 7 52 1 78 59 55 77 66 67 17 69 

Class 2 #Itens 80 bin size 30 x 30
Instance 5 / Absolute 85
Running for 200 generations...
Best solution found has objective value = 3.61778
Best packing sequence 77 52 59 7 18 17 1 32 50 22 67 64 61 11 2 53 71 0 79 4 56 47 46 8 28 9 12 73 70 48 13 40 60 26 72 21 10 6 54 25 75 45 74 37 62 38 58 31 15 42 76 20 41 44 16 23 78 66 39 55 43 69 63 27 68 5 57 24 65 29 14 36 49 51 34 33 30 3 35 19 

Class 2 #Itens 80 bin size 30 x 30
Instance 6 / Absolute 86
Running for 200 generations...
Best solution found has objective value = 3.80111
Best packing sequence 2 1 61 7 58 47 32 3 77 67 20 60 37 52 46 18 38 65 36 23 28 45 51 54 19 75 72 27 57 12 4 30 14 0 44 43 15 29 63 25 31 33 70 73 11 56 21 69 66 41 48 71 78 76 50 53 17 34 74 26 42 10 49 5 40 24 79 68 16 62 55 39 22 59 9 13 35 8 6 64 

Class 2 #Itens 80 bin size 30 x 30
Instance 7 / Absolute 87
Running for 200 generations...
Best solution found has objective value = 3.96111
Best packing sequence 50 35 15 45 52 11 10 20 57 3 38 36 6 30 62 21 19 24 58 22 42 25 27 0 60 79 14 13 23 53 75 56 69 70 54 17 51 41 74 8 63 33 2 37 68 78 65 55 48 16 29 61 59 49 47 77 5 40 67 71 18 39 4 73 12 31 72 9 32 43 7 66 28 26 44 34 1 64 46 76 

Class 2 #Itens 80 bin size 30 x 30
Instance 8 / Absolute 88
Running for 200 generations...
Best solution found has objective value = 3.93889
Best packing sequence 36 8 2 60 30 21 27 58 78 73 71 38 74 65 24 6 32 20 13 11 69 4 10 55 62 72 18 26 52 22 16 61 76 44 47 67 39 31 37 48 5 56 7 75 33 29 23 0 28 43 54 12 64 57 35 59 53 34 70 77 41 14 17 63 46 19 68 15 79 40 66 1 42 51 50 9 3 45 49 25 

Class 2 #Itens 80 bin size 30 x 30
Instance 9 / Absolute 89
Running for 200 generations...
Best solution found has objective value = 4.11111
Best packing sequence 22 41 61 60 53 52 56 12 77 2 38 23 27 70 72 40 73 55 62 6 67 28 58 65 8 63 54 31 19 1 68 57 9 39 43 13 7 36 21 44 35 42 17 78 16 74 5 25 37 24 30 4 59 0 33 18 49 29 50 79 34 15 69 14 32 46 75 76 10 71 48 26 20 64 3 51 47 11 45 66 

Class 2 #Itens 80 bin size 30 x 30
Instance 10 / Absolute 90
Running for 200 generations...
Best solution found has objective value = 3.69556
Best packing sequence 43 32 25 30 61 52 8 76 1 36 0 7 42 77 58 14 60 46 35 26 74 3 34 72 63 75 37 56 29 62 68 17 65 51 69 19 55 18 9 6 47 41 79 22 48 71 67 4 31 59 20 40 16 64 33 38 28 73 44 15 49 10 23 13 54 39 50 2 11 24 78 12 21 66 57 45 27 70 53 5 

Z 3.1
Class mean 3.75889
Min fitness 3.52667


Class 2 #Itens 100 bin size 30 x 30
Instance 1 / Absolute 91
Running for 200 generations...
Best solution found has objective value = 4.06333
Best packing sequence 46 95 41 23 62 68 0 20 42 73 12 71 1 65 59 90 25 5 4 21 98 70 85 96 54 28 56 30 80 22 87 3 27 76 7 9 29 43 38 24 17 35 6 11 13 58 53 40 32 15 63 39 19 37 81 47 33 84 86 64 60 82 16 97 8 67 49 92 78 89 34 88 48 91 69 44 61 36 79 50 57 75 72 93 26 2 18 52 51 83 14 55 74 66 10 77 31 45 94 99 

Class 2 #Itens 100 bin size 30 x 30
Instance 2 / Absolute 92
Running for 200 generations...
Best solution found has objective value = 4.38667
Best packing sequence 68 22 3 31 60 87 93 0 38 4 51 63 79 77 28 23 27 66 25 91 98 48 29 20 88 78 46 92 97 24 34 33 43 47 7 75 37 41 13 36 99 52 14 9 44 54 32 18 84 74 64 1 42 39 95 86 83 10 35 8 12 89 71 70 49 94 80 21 58 82 30 61 11 53 56 15 45 76 69 73 59 17 96 67 90 81 16 65 85 62 40 55 57 5 6 72 50 2 26 19 

Class 2 #Itens 100 bin size 30 x 30
Instance 3 / Absolute 93
Running for 200 generations...
Best solution found has objective value = 3.98
Best packing sequence 25 39 84 17 77 4 61 5 3 43 10 87 66 36 97 81 41 30 98 80 14 45 34 67 9 52 37 22 13 96 18 90 29 56 19 95 48 49 23 11 8 54 53 69 0 38 50 85 70 1 55 35 78 89 86 72 2 44 28 75 40 21 71 59 58 88 94 31 83 79 27 26 91 12 73 57 93 16 7 99 15 20 42 62 32 60 82 24 33 68 76 63 74 92 65 46 6 47 51 64 

Class 2 #Itens 100 bin size 30 x 30
Instance 4 / Absolute 94
Running for 200 generations...
Best solution found has objective value = 4.22333
Best packing sequence 9 79 35 7 58 46 82 91 52 8 15 53 71 50 18 17 10 11 67 66 88 0 70 59 56 22 40 83 41 16 25 47 26 97 12 32 13 6 72 98 62 77 20 31 99 21 1 23 85 69 55 86 61 75 44 76 81 64 95 74 28 42 68 5 43 73 30 48 65 14 80 90 63 78 45 57 54 34 2 93 92 60 87 33 19 36 29 37 94 4 89 84 51 3 27 24 39 38 49 96 

Class 2 #Itens 100 bin size 30 x 30
Instance 5 / Absolute 95
Running for 200 generations...
Best solution found has objective value = 4.36889
Best packing sequence 16 54 46 25 23 92 42 17 84 22 68 77 62 45 3 66 52 41 67 83 13 65 40 47 94 90 74 55 31 48 56 86 95 96 28 7 4 98 61 33 79 5 73 10 72 49 18 43 19 9 37 91 11 21 93 35 85 59 50 8 30 78 64 87 6 69 97 27 38 39 15 36 51 88 58 82 26 24 34 71 14 2 80 20 12 60 53 63 44 0 32 70 89 81 57 1 76 99 75 29 

Class 2 #Itens 100 bin size 30 x 30
Instance 6 / Absolute 96
Running for 200 generations...
Best solution found has objective value = 4.76222
Best packing sequence 53 92 13 2 95 90 62 54 44 99 6 27 29 89 65 9 5 39 7 18 75 49 85 35 50 19 94 59 24 38 14 36 15 20 25 96 0 57 82 69 12 52 63 45 64 32 22 68 84 87 97 71 76 42 17 77 34 43 58 81 26 21 41 66 1 93 16 37 31 23 67 8 48 74 70 72 61 56 10 40 91 88 78 4 28 46 47 30 60 33 51 79 3 98 11 80 55 73 83 86 

Class 2 #Itens 100 bin size 30 x 30
Instance 7 / Absolute 97
Running for 200 generations...
Best solution found has objective value = 4.06111
Best packing sequence 76 30 91 29 85 75 68 17 80 15 69 5 25 32 52 47 73 55 90 21 0 72 22 24 62 14 43 54 12 51 98 56 3 9 65 99 33 4 86 57 49 92 88 13 8 2 97 59 34 95 70 1 11 84 23 66 42 37 67 44 74 38 28 58 45 78 96 36 26 35 53 27 79 71 63 89 16 82 81 19 87 10 41 60 77 83 46 94 61 93 48 40 64 6 18 39 50 31 7 20 

Class 2 #Itens 100 bin size 30 x 30
Instance 8 / Absolute 98
Running for 200 generations...
Best solution found has objective value = 4.47222
Best packing sequence 30 84 62 60 80 72 51 25 91 90 28 32 16 96 55 74 23 94 29 92 14 42 46 76 26 52 58 87 81 27 34 59 33 75 22 48 35 63 43 8 0 36 7 69 1 88 56 19 86 89 97 61 31 65 37 3 64 93 67 79 15 82 40 45 66 41 83 38 39 17 77 44 99 20 18 6 47 53 73 78 10 24 85 12 11 2 68 9 5 95 70 54 4 13 71 49 57 50 98 21 

Class 2 #Itens 100 bin size 30 x 30
Instance 9 / Absolute 99
Running for 200 generations...
Best solution found has objective value = 4.33111
Best packing sequence 83 20 97 6 39 25 45 68 54 46 88 94 17 15 73 42 91 64 95 31 98 63 47 96 80 23 62 27 33 57 92 60 65 34 81 30 66 9 93 28 24 10 40 8 76 2 89 49 59 43 71 5 77 38 74 72 13 44 22 0 37 52 36 3 78 14 86 56 48 85 18 32 12 50 4 16 69 82 26 53 84 58 75 29 51 35 7 1 55 70 79 19 99 21 90 61 87 41 67 11 

Class 2 #Itens 100 bin size 30 x 30
Instance 10 / Absolute 100
Running for 200 generations...
Best solution found has objective value = 4.79889
Best packing sequence 23 30 17 25 16 56 90 68 77 76 71 74 0 54 5 6 80 3 14 39 46 57 61 9 19 55 59 92 47 29 20 87 26 7 81 98 88 10 41 79 99 51 38 45 22 50 44 31 33 62 94 72 40 84 91 69 43 70 78 67 66 73 58 24 53 21 8 65 63 52 86 42 1 60 34 82 36 93 49 64 13 37 89 97 27 96 85 2 28 15 18 32 95 11 83 75 12 4 35 48 

Z 3.9
Class mean 4.34478
Min fitness 3.98

