Class 1 size 20
Instance 1 / Absolute 1
Running for 200 generations...
Best solution found has objective value = 8.18
Best chromosome 10 17 8 18 0 14 7 5 1 16 6 19 11 15 12 3 2 13 4 9 

Class 1 size 20
Instance 2 / Absolute 2
Running for 200 generations...
Best solution found has objective value = 5.5
Best chromosome 4 13 2 14 19 17 18 9 11 15 6 1 5 7 8 0 12 3 16 10 

Class 1 size 20
Instance 3 / Absolute 3
Running for 200 generations...
Best solution found has objective value = 9.18
Best chromosome 9 19 1 10 7 0 5 4 17 8 13 11 12 16 18 3 14 2 6 15 

Class 1 size 20
Instance 4 / Absolute 4
Running for 200 generations...
Best solution found has objective value = 6.14
Best chromosome 15 11 0 17 18 2 5 16 13 6 9 4 10 3 7 1 19 14 8 12 

Class 1 size 20
Instance 5 / Absolute 5
Running for 200 generations...
Best solution found has objective value = 6.54
Best chromosome 10 7 8 11 16 19 9 1 0 15 12 6 4 2 13 17 18 14 5 3 

Class 1 size 20
Instance 6 / Absolute 6
Running for 200 generations...
Best solution found has objective value = 9.56
Best chromosome 13 3 14 7 6 16 18 1 9 11 0 4 15 19 8 17 5 12 2 10 

Class 1 size 20
Instance 7 / Absolute 7
Running for 200 generations...
Best solution found has objective value = 6.5
Best chromosome 8 16 9 17 1 11 18 14 4 2 15 7 6 12 13 19 3 0 10 5 

Class 1 size 20
Instance 8 / Absolute 8
Running for 200 generations...
Best solution found has objective value = 6.64
Best chromosome 17 2 0 5 3 18 14 10 19 16 9 13 11 4 7 15 6 12 8 1 

Class 1 size 20
Instance 9 / Absolute 9
Running for 200 generations...
Best solution found has objective value = 8.24
Best chromosome 13 5 8 6 3 7 16 2 11 19 17 1 12 18 0 15 14 10 9 4 

Class 1 size 20
Instance 10 / Absolute 10
Running for 200 generations...
Best solution found has objective value = 8.48
Best chromosome 13 4 7 10 12 14 9 15 0 8 2 5 16 18 3 1 6 19 17 11 

Z 7.496
Min fitness 5.5


Class 1 size 40
Instance 1 / Absolute 11
Running for 200 generations...
Best solution found has objective value = 10.12
Best chromosome 19 17 8 5 39 28 11 4 24 22 31 33 21 1 29 30 37 38 10 9 34 2 6 14 7 0 13 15 27 26 23 35 3 16 32 12 25 36 20 18 

Class 1 size 40
Instance 2 / Absolute 12
Running for 200 generations...
Best solution found has objective value = 12.16
Best chromosome 6 17 27 25 20 18 16 15 21 38 2 24 32 8 22 0 28 30 19 33 36 10 23 34 4 11 29 3 39 5 1 7 37 9 35 12 26 31 14 13 

Class 1 size 40
Instance 3 / Absolute 13
Running for 200 generations...
Best solution found has objective value = 17.24
Best chromosome 20 1 22 39 28 7 4 12 8 38 2 3 23 35 13 10 5 9 26 16 18 25 19 17 30 36 15 11 27 0 14 29 6 33 37 31 24 21 32 34 

Class 1 size 40
Instance 4 / Absolute 14
Running for 200 generations...
Best solution found has objective value = 14.56
Best chromosome 15 13 4 32 11 35 20 33 31 25 14 9 29 7 0 27 8 28 26 19 16 36 30 21 2 24 22 34 39 38 10 18 3 17 1 12 5 23 37 6 

Class 1 size 40
Instance 5 / Absolute 15
Running for 200 generations...
Best solution found has objective value = 15.47
Best chromosome 7 13 19 24 25 39 12 4 32 11 15 18 21 23 8 30 10 31 26 36 29 34 9 3 2 20 0 38 16 1 33 28 37 35 27 14 22 5 6 17 

Class 1 size 40
Instance 6 / Absolute 16
Running for 200 generations...
Best solution found has objective value = 14.25
Best chromosome 14 27 15 2 6 34 29 39 33 7 16 12 13 5 8 32 9 36 3 4 25 26 10 18 0 1 37 22 11 17 30 35 20 19 31 21 24 38 23 28 

Class 1 size 40
Instance 7 / Absolute 17
Running for 200 generations...
Best solution found has objective value = 11.76
Best chromosome 25 16 10 29 36 39 2 17 28 30 9 20 24 8 38 32 18 6 5 1 37 21 4 31 35 26 27 12 34 7 15 3 23 13 19 14 11 0 33 22 

Class 1 size 40
Instance 8 / Absolute 18
Running for 200 generations...
Best solution found has objective value = 19.24
Best chromosome 22 28 15 21 1 3 8 7 34 20 26 19 32 10 5 29 9 2 16 6 17 27 38 24 4 13 12 25 37 0 39 31 14 23 11 36 35 33 18 30 

Class 1 size 40
Instance 9 / Absolute 19
Running for 200 generations...
Best solution found has objective value = 11.16
Best chromosome 26 16 38 36 39 37 20 35 13 33 12 10 25 32 30 31 18 28 27 22 14 21 7 23 24 6 2 8 5 9 34 15 11 17 19 1 4 29 0 3 

Class 1 size 40
Instance 10 / Absolute 20
Running for 200 generations...
Best solution found has objective value = 11.64
Best chromosome 18 29 20 25 16 14 2 1 22 35 13 8 30 3 0 32 28 11 9 37 31 19 7 38 17 34 12 39 10 21 15 5 26 36 24 4 6 23 33 27 

Z 13.76
Min fitness 10.12


Class 1 size 60
Instance 1 / Absolute 21
Running for 200 generations...
Best solution found has objective value = 23.12
Best chromosome 22 5 54 52 32 12 49 1 24 8 41 48 42 7 0 28 59 4 26 53 46 45 19 13 27 11 29 3 35 47 58 30 34 40 57 37 14 25 15 16 43 51 36 17 23 2 31 6 38 18 44 33 55 9 20 21 50 39 10 56 

Class 1 size 60
Instance 2 / Absolute 22
Running for 200 generations...
Best solution found has objective value = 19.24
Best chromosome 7 53 14 26 8 11 42 13 6 41 22 32 36 1 20 35 46 45 29 52 30 15 39 9 51 27 54 12 44 56 33 38 31 49 17 3 19 4 55 23 2 43 37 25 47 48 24 5 16 28 50 34 59 21 10 57 58 18 40 0 

Class 1 size 60
Instance 3 / Absolute 23
Running for 200 generations...
Best solution found has objective value = 21.42
Best chromosome 20 5 44 40 22 26 23 57 32 6 0 37 30 29 25 10 24 33 50 54 3 43 16 47 36 15 39 8 35 46 55 41 13 18 42 28 49 52 38 9 7 34 59 58 31 21 17 12 11 4 27 53 45 56 2 1 14 51 19 48 

Class 1 size 60
Instance 4 / Absolute 24
Running for 200 generations...
Best solution found has objective value = 22.36
Best chromosome 25 13 49 10 2 42 14 43 9 28 23 1 34 57 44 32 59 51 31 56 48 55 21 11 52 26 50 4 7 46 45 29 36 20 6 47 39 18 41 3 0 5 33 24 17 35 37 16 40 30 15 22 19 58 54 53 12 27 38 8 

Class 1 size 60
Instance 5 / Absolute 25
Running for 200 generations...
Best solution found has objective value = 19.05
Best chromosome 32 19 21 13 23 39 3 28 17 33 37 26 9 18 4 44 5 54 45 8 41 24 20 10 51 14 38 48 11 30 53 50 52 16 2 25 0 35 46 7 12 59 1 34 55 22 43 57 27 49 40 31 29 6 58 36 15 47 42 56 

Class 1 size 60
Instance 6 / Absolute 26
Running for 200 generations...
Best solution found has objective value = 17.81
Best chromosome 10 44 43 39 50 58 37 18 55 26 29 57 54 38 24 9 8 20 40 33 35 16 22 12 25 30 28 2 32 49 11 5 53 31 27 14 13 59 42 21 3 19 52 41 36 23 56 6 7 15 46 17 48 51 1 45 47 4 0 34 

Class 1 size 60
Instance 7 / Absolute 27
Running for 200 generations...
Best solution found has objective value = 16.1
Best chromosome 3 25 28 34 0 50 24 58 18 14 46 52 4 31 2 36 23 1 47 27 5 54 12 57 13 35 15 41 53 20 8 16 22 45 44 7 39 48 49 6 9 32 37 55 19 30 40 17 43 21 11 10 33 59 51 29 26 42 56 38 

Class 1 size 60
Instance 8 / Absolute 28
Running for 200 generations...
Best solution found has objective value = 21.51
Best chromosome 54 0 32 31 7 18 55 36 19 47 20 50 13 27 29 49 4 28 9 37 10 30 15 41 58 53 52 21 35 43 24 51 14 12 38 11 16 5 45 44 57 1 23 46 42 6 2 26 3 40 25 48 39 22 33 8 56 59 17 34 

Class 1 size 60
Instance 9 / Absolute 29
Running for 200 generations...
Best solution found has objective value = 18.6
Best chromosome 9 31 52 51 7 42 20 24 47 28 17 32 37 34 55 22 25 12 38 58 33 50 54 18 26 35 11 40 45 29 4 44 56 39 43 48 8 10 30 5 57 41 0 15 23 46 27 1 53 3 2 19 49 21 59 36 16 13 6 14 

Class 1 size 60
Instance 10 / Absolute 30
Running for 200 generations...
Best solution found has objective value = 24.3
Best chromosome 5 20 24 22 13 50 11 7 0 48 31 27 29 12 33 56 28 44 19 53 2 16 59 43 52 8 3 10 39 34 38 9 15 18 49 42 21 57 17 37 35 54 45 25 14 55 41 1 58 30 4 46 23 36 51 40 32 47 6 26 

Z 20.351
Min fitness 16.1


Class 1 size 80
Instance 1 / Absolute 31
Running for 200 generations...
Best solution found has objective value = 25.1
Best chromosome 26 5 18 36 4 20 11 14 21 24 76 30 3 17 75 27 7 15 1 13 46 57 55 33 73 34 6 48 8 22 39 2 9 69 47 74 78 16 44 28 41 35 43 29 19 12 37 40 51 38 66 25 0 49 72 45 42 53 56 52 59 68 23 61 58 32 54 79 50 60 77 63 62 67 65 10 31 70 71 64 

Class 1 size 80
Instance 2 / Absolute 32
Running for 200 generations...
Best solution found has objective value = 26.28
Best chromosome 38 23 5 1 21 7 0 32 10 41 43 22 12 4 58 3 6 64 16 26 30 72 18 17 13 15 2 8 25 24 73 53 63 27 19 36 31 51 28 57 40 59 76 74 60 50 47 34 69 75 14 45 20 55 35 44 61 11 70 9 42 66 78 79 39 65 29 49 52 37 56 68 67 77 46 62 48 54 71 33 

Class 1 size 80
Instance 3 / Absolute 33
Running for 200 generations...
Best solution found has objective value = 27.42
Best chromosome 23 12 39 51 11 4 15 44 42 26 35 25 65 32 76 68 22 52 75 24 13 14 2 74 0 5 20 34 73 18 56 47 30 45 29 16 59 10 41 21 17 63 37 58 40 64 19 9 72 1 27 79 54 28 3 46 31 49 7 70 78 69 50 38 55 33 62 36 57 8 66 61 53 60 71 48 6 43 77 67 

Class 1 size 80
Instance 4 / Absolute 34
Running for 200 generations...
Best solution found has objective value = 27.42
Best chromosome 0 5 64 28 6 19 12 13 38 3 11 66 31 43 42 10 25 60 67 79 76 73 75 23 24 17 21 37 33 44 20 34 26 62 40 49 41 70 9 53 50 65 57 39 16 15 36 14 27 58 18 8 59 35 71 29 74 69 32 61 7 30 48 1 78 2 68 47 22 72 63 54 77 46 55 56 4 52 45 51 

Class 1 size 80
Instance 5 / Absolute 35
Running for 200 generations...
Best solution found has objective value = 26.25
Best chromosome 8 16 23 10 6 26 2 37 60 1 15 30 27 32 79 25 19 44 28 69 4 17 71 14 78 49 11 77 46 33 39 43 67 52 7 5 38 55 13 65 73 24 41 42 50 9 3 35 58 61 59 12 51 68 63 20 70 76 29 45 47 22 57 66 18 0 34 48 75 62 54 21 36 64 56 40 53 72 31 74 

Class 1 size 80
Instance 6 / Absolute 36
Running for 200 generations...
Best solution found has objective value = 28.46
Best chromosome 57 23 9 49 17 19 53 10 24 6 67 31 11 12 25 48 15 4 36 27 22 7 0 68 33 60 21 18 62 20 70 43 59 52 73 66 55 65 42 35 3 29 71 74 28 39 79 13 64 2 51 56 61 8 37 26 63 16 54 14 30 46 32 5 41 34 75 77 38 78 40 69 50 72 1 44 47 58 45 76 

Class 1 size 80
Instance 7 / Absolute 37
Running for 200 generations...
Best solution found has objective value = 31.36
Best chromosome 9 19 13 21 45 7 16 75 69 32 26 43 79 57 60 54 50 10 49 22 4 67 29 47 17 77 24 78 70 39 52 38 28 23 44 76 51 6 30 34 65 1 14 11 55 5 72 15 71 3 12 56 35 18 27 61 68 58 66 42 73 31 53 46 33 41 40 36 63 2 20 62 59 25 74 48 64 37 8 0 

Class 1 size 80
Instance 8 / Absolute 38
Running for 200 generations...
Best solution found has objective value = 29.46
Best chromosome 7 3 19 12 8 17 73 33 22 10 21 5 29 38 15 32 53 20 42 4 6 40 35 14 11 62 70 50 16 28 2 34 23 46 26 13 36 25 18 61 30 74 66 24 45 58 69 27 76 37 64 48 68 75 79 71 31 59 67 43 78 51 60 47 1 77 57 56 63 52 65 39 9 41 54 44 55 72 49 0 

Class 1 size 80
Instance 9 / Absolute 39
Running for 200 generations...
Best solution found has objective value = 30.42
Best chromosome 16 48 13 27 45 51 11 69 49 3 6 34 70 4 5 20 47 1 23 66 30 32 7 41 17 61 14 33 39 38 9 46 42 22 29 74 44 68 72 36 10 12 67 25 26 40 76 15 37 71 2 73 35 62 0 21 19 65 28 31 75 77 43 53 24 54 78 63 18 8 55 79 50 52 58 59 60 57 56 64 

Class 1 size 80
Instance 10 / Absolute 40
Running for 200 generations...
Best solution found has objective value = 26.33
Best chromosome 0 6 12 15 13 69 17 20 9 74 14 36 3 30 2 60 23 34 31 21 41 10 42 37 19 32 50 73 8 29 33 11 28 7 49 26 25 39 51 64 70 5 68 22 27 56 78 44 65 43 40 54 71 24 48 63 4 57 16 18 38 77 79 76 72 46 59 53 58 62 66 1 52 47 55 61 67 35 75 45 

Z 27.85
Min fitness 25.1


Class 1 size 100
Instance 1 / Absolute 41
Running for 200 generations...
Best solution found has objective value = 28.55
Best chromosome 18 7 60 49 10 0 45 5 29 14 6 41 22 15 26 48 2 9 16 27 37 50 17 32 13 25 51 8 12 4 43 46 3 21 1 20 28 11 35 47 99 58 38 59 91 80 30 44 36 98 31 66 69 42 40 52 89 55 65 39 34 19 95 33 24 23 56 97 54 86 63 82 53 62 92 74 57 70 84 94 68 61 83 71 64 72 87 77 85 93 78 73 67 96 79 76 81 75 90 88 

Class 1 size 100
Instance 2 / Absolute 42
Running for 200 generations...
Best solution found has objective value = 31.6
Best chromosome 45 26 13 30 10 24 22 5 25 23 7 8 33 19 42 3 20 12 68 29 36 81 4 21 16 44 14 11 32 46 18 59 55 6 40 56 15 67 31 9 63 17 43 38 94 54 70 35 66 62 78 48 64 52 61 51 37 80 96 99 98 39 50 34 58 41 57 1 0 86 2 27 82 60 92 65 71 28 93 89 49 53 79 95 97 47 69 85 90 72 73 91 76 75 74 83 84 88 87 77 

Class 1 size 100
Instance 3 / Absolute 43
Running for 200 generations...
Best solution found has objective value = 29.29
Best chromosome 7 2 23 61 44 43 9 5 3 35 32 63 1 28 14 88 24 8 66 4 60 30 15 76 26 89 13 18 70 58 95 71 93 17 90 11 42 19 12 36 20 82 68 0 52 22 57 54 72 77 45 56 99 50 31 6 25 64 53 94 21 34 98 29 92 38 40 78 10 59 80 48 84 83 39 49 62 67 16 65 86 33 91 41 73 51 79 75 81 46 69 96 47 85 87 74 55 97 37 27 

Class 1 size 100
Instance 4 / Absolute 44
Running for 200 generations...
Best solution found has objective value = 30.6
Best chromosome 7 1 39 69 50 28 13 31 18 8 19 95 6 17 21 23 99 89 30 2 24 20 29 15 92 9 51 3 32 35 63 46 40 34 12 22 11 85 55 4 62 5 38 48 10 93 94 27 61 44 14 25 16 45 72 36 47 98 76 33 26 58 37 59 88 82 43 67 86 78 77 41 54 97 87 53 68 65 42 49 71 66 52 79 81 64 74 57 91 56 96 73 90 70 75 60 80 84 83 0 

Class 1 size 100
Instance 5 / Absolute 45
Running for 200 generations...
Best solution found has objective value = 32.24
Best chromosome 19 37 20 8 0 96 54 51 4 18 6 23 9 47 32 39 14 36 43 24 29 84 13 1 79 76 49 28 38 5 33 56 40 2 26 10 52 11 50 12 7 94 48 30 63 25 45 91 17 72 42 83 21 57 93 61 3 15 60 67 22 95 70 34 71 46 59 92 35 78 31 75 27 68 58 98 16 41 66 87 64 99 89 77 90 74 97 73 65 88 62 82 44 55 81 69 53 85 80 86 

Class 1 size 100
Instance 6 / Absolute 46
Running for 200 generations...
Best solution found has objective value = 37.2
Best chromosome 48 46 20 22 15 18 57 1 28 41 2 24 35 19 40 21 3 42 82 6 95 99 0 8 91 36 14 33 12 60 23 10 25 13 31 29 7 68 45 54 5 32 78 47 80 72 11 66 30 17 39 71 81 53 34 9 51 16 75 58 27 76 61 4 56 26 85 97 50 37 43 86 98 69 70 90 77 87 59 94 62 74 84 64 38 93 73 89 92 52 55 65 79 88 96 49 67 44 83 63 

Class 1 size 100
Instance 7 / Absolute 47
Running for 200 generations...
Best solution found has objective value = 28.56
Best chromosome 58 23 3 5 4 42 14 28 20 88 8 9 54 16 15 91 27 19 1 12 11 26 71 48 22 18 31 7 21 52 17 35 82 24 75 30 47 39 44 13 29 25 33 49 98 36 97 40 61 37 51 80 10 81 45 57 34 92 93 64 68 66 2 63 32 0 94 41 43 6 96 46 65 55 87 99 95 70 78 50 53 38 84 59 76 60 62 72 90 74 89 85 73 77 67 56 83 69 79 86 

Class 1 size 100
Instance 8 / Absolute 48
Running for 200 generations...
Best solution found has objective value = 33.6
Best chromosome 20 4 27 91 32 34 13 9 17 15 12 28 0 31 11 38 88 10 93 26 37 23 3 6 51 30 1 5 14 96 21 99 35 43 74 22 2 16 63 36 29 24 41 47 40 19 95 18 61 60 87 8 45 55 94 25 76 83 56 92 59 50 53 65 33 42 84 64 90 49 62 98 58 86 7 66 46 77 70 39 75 57 85 67 54 71 52 48 44 69 73 80 78 81 68 97 72 89 82 79 

Class 1 size 100
Instance 9 / Absolute 49
Running for 200 generations...
Best solution found has objective value = 31.57
Best chromosome 40 37 67 22 14 6 28 2 29 32 23 8 10 17 15 1 4 31 25 18 0 24 30 12 11 27 78 19 16 26 7 5 21 9 64 82 44 36 52 49 3 86 20 51 35 34 33 61 90 42 76 50 63 41 92 65 59 84 13 62 54 39 98 57 95 75 96 53 46 80 81 72 38 55 91 97 83 45 56 71 66 77 87 85 48 60 43 58 94 70 74 93 47 69 73 68 79 88 99 89 

Class 1 size 100
Instance 10 / Absolute 50
Running for 200 generations...
Best solution found has objective value = 38.48
Best chromosome 83 16 43 66 74 11 7 22 77 20 34 6 4 38 19 80 79 25 36 92 13 49 5 81 3 99 18 67 48 9 44 91 57 23 51 37 1 14 8 50 58 61 84 47 29 27 55 2 73 17 78 53 71 45 56 28 63 54 96 64 86 87 88 95 82 24 60 15 76 46 70 94 69 42 0 75 68 98 62 21 52 41 32 59 90 31 12 26 10 30 85 39 65 89 35 72 93 33 40 97 

Z 32.169
Min fitness 28.55

