load instances from: ..\..\gerador\martello_vigo\MV_2bp\Class_10.2bp
Class 10
# Itens 20
bin size 100 x 100
Instance 1 / Absolute 451
Running for 200 generations...
Best solution found has objective value = 6.7395
Best packing sequence 5 18 6 4 0 17 10 19 13 7 1 14 9 12 8 2 16 15 3 11 
Number of bins 6

Class 10
# Itens 20
bin size 100 x 100
Instance 2 / Absolute 452
Running for 200 generations...
Best solution found has objective value = 3.4808
Best packing sequence 10 5 1 15 7 4 11 9 2 17 6 18 14 0 19 8 3 13 12 16 
Number of bins 3

Class 10
# Itens 20
bin size 100 x 100
Instance 3 / Absolute 453
Running for 200 generations...
Best solution found has objective value = 4.793
Best packing sequence 6 11 7 0 8 12 1 3 4 15 16 17 19 2 9 18 14 5 13 10 
Number of bins 4

Class 10
# Itens 20
bin size 100 x 100
Instance 4 / Absolute 454
Running for 200 generations...
Best solution found has objective value = 5.1645
Best packing sequence 5 18 6 4 0 17 10 19 13 7 1 14 9 12 8 2 16 15 3 11 
Number of bins 5

Class 10
# Itens 20
bin size 100 x 100
Instance 5 / Absolute 455
Running for 200 generations...
Best solution found has objective value = 4.5677
Best packing sequence 4 6 8 15 9 12 7 13 17 16 10 18 0 2 3 5 14 19 1 11 
Number of bins 4

Class 10
# Itens 20
bin size 100 x 100
Instance 6 / Absolute 456
Running for 200 generations...
Best solution found has objective value = 4.2421
Best packing sequence 1 7 11 4 13 3 2 10 19 15 8 12 17 18 9 6 0 5 16 14 
Number of bins 4

Class 10
# Itens 20
bin size 100 x 100
Instance 7 / Absolute 457
Running for 200 generations...
Best solution found has objective value = 5.3384
Best packing sequence 16 17 12 7 6 5 10 2 4 9 18 14 13 3 8 11 1 0 15 19 
Number of bins 5

Class 10
# Itens 20
bin size 100 x 100
Instance 8 / Absolute 458
Running for 200 generations...
Best solution found has objective value = 3.2133
Best packing sequence 11 14 9 1 12 19 0 10 15 8 3 7 5 18 17 13 16 2 4 6 
Number of bins 3

Class 10
# Itens 20
bin size 100 x 100
Instance 9 / Absolute 459
Running for 200 generations...
Best solution found has objective value = 5.8202
Best packing sequence 8 1 12 6 5 19 11 18 3 9 17 0 10 13 15 7 2 14 16 4 
Number of bins 5

Class 10
# Itens 20
bin size 100 x 100
Instance 10 / Absolute 460
Running for 200 generations...
Best solution found has objective value = 3.0881
Best packing sequence 8 15 2 0 7 6 16 19 5 13 18 11 10 4 9 3 17 1 12 14 
Number of bins 3


# Bins (mean) = 4.2
Class (mean) = 4.64476
Best fitness = 3.0881

Class 10
# Itens 40
bin size 100 x 100
Instance 1 / Absolute 461
Running for 200 generations...
Best solution found has objective value = 8.5263
Best packing sequence 11 27 20 29 0 14 25 2 37 21 38 23 17 24 28 19 31 30 4 12 5 22 7 9 6 16 10 3 13 33 18 1 15 26 35 8 39 32 36 34 
Number of bins 8

Class 10
# Itens 40
bin size 100 x 100
Instance 2 / Absolute 462
Running for 200 generations...
Best solution found has objective value = 8.1817
Best packing sequence 38 28 2 33 22 23 7 12 6 20 29 9 5 25 8 34 27 21 16 1 15 39 35 31 26 14 32 3 0 37 24 4 18 36 10 19 11 13 30 17 
Number of bins 8

Class 10
# Itens 40
bin size 100 x 100
Instance 3 / Absolute 463
Running for 200 generations...
Best solution found has objective value = 9.6278
Best packing sequence 11 24 27 30 33 0 18 3 29 26 19 37 4 35 23 34 5 22 38 21 32 8 7 2 28 16 17 31 25 15 10 12 6 20 39 13 14 36 9 1 
Number of bins 9

Class 10
# Itens 40
bin size 100 x 100
Instance 4 / Absolute 464
Running for 200 generations...
Best solution found has objective value = 6.6945
Best packing sequence 14 7 29 35 37 32 36 38 20 3 25 11 23 1 33 6 18 0 26 15 13 4 28 9 21 22 31 5 8 17 34 39 10 24 30 2 19 12 27 16 
Number of bins 6

Class 10
# Itens 40
bin size 100 x 100
Instance 5 / Absolute 465
Running for 200 generations...
Best solution found has objective value = 6.373
Best packing sequence 30 19 38 39 26 7 31 21 27 11 9 8 24 0 28 20 14 16 17 37 23 13 4 25 35 3 22 2 1 5 6 12 15 32 18 29 10 34 33 36 
Number of bins 6

Class 10
# Itens 40
bin size 100 x 100
Instance 6 / Absolute 466
Running for 200 generations...
Best solution found has objective value = 6.1797
Best packing sequence 8 9 28 13 37 3 7 12 38 22 31 26 19 39 15 14 27 36 23 10 34 6 18 21 16 0 24 2 20 33 35 30 1 32 25 17 11 29 5 4 
Number of bins 6

Class 10
# Itens 40
bin size 100 x 100
Instance 7 / Absolute 467
Running for 200 generations...
Best solution found has objective value = 7.516
Best packing sequence 29 23 18 10 8 0 27 13 9 16 25 31 4 26 35 17 24 5 32 21 14 19 15 34 11 22 36 39 3 28 12 1 20 38 7 30 33 6 2 37 
Number of bins 7

Class 10
# Itens 40
bin size 100 x 100
Instance 8 / Absolute 468
Running for 200 generations...
Best solution found has objective value = 7.4807
Best packing sequence 7 8 22 2 1 9 36 0 34 39 20 12 16 38 11 26 15 14 17 33 29 21 25 4 28 5 27 3 10 18 13 6 30 19 31 37 35 24 23 32 
Number of bins 7

Class 10
# Itens 40
bin size 100 x 100
Instance 9 / Absolute 469
Running for 200 generations...
Best solution found has objective value = 8.351
Best packing sequence 23 2 13 26 10 18 0 32 35 7 24 34 25 22 5 36 6 15 8 28 21 29 11 33 17 12 30 31 4 16 9 19 3 20 37 1 39 27 38 14 
Number of bins 8

Class 10
# Itens 40
bin size 100 x 100
Instance 10 / Absolute 470
Running for 200 generations...
Best solution found has objective value = 9.2
Best packing sequence 27 30 17 7 28 39 9 21 16 32 2 23 38 8 36 0 10 18 31 20 3 33 15 34 22 35 4 24 14 1 5 26 25 6 19 29 13 12 11 37 
Number of bins 9


# Bins (mean) = 7.4
Class (mean) = 7.81307
Best fitness = 6.1797

Class 10
# Itens 60
bin size 100 x 100
Instance 1 / Absolute 471
Running for 200 generations...
Best solution found has objective value = 12.0532
Best packing sequence 7 6 12 55 9 26 48 57 38 35 23 59 52 13 8 42 18 15 27 14 39 46 58 22 24 25 2 19 3 10 53 28 56 21 20 30 5 43 54 50 44 33 34 0 4 41 1 49 29 16 51 32 40 17 36 37 45 11 31 47 
Number of bins 12

Class 10
# Itens 60
bin size 100 x 100
Instance 2 / Absolute 472
Running for 200 generations...
Best solution found has objective value = 12.6688
Best packing sequence 56 35 7 3 11 2 27 52 38 13 31 21 6 45 48 16 49 23 58 0 36 42 50 33 55 39 44 12 18 34 46 30 53 19 57 54 10 26 28 51 32 22 37 8 4 29 25 47 43 20 24 41 14 5 40 17 1 15 9 59 
Number of bins 12

Class 10
# Itens 60
bin size 100 x 100
Instance 3 / Absolute 473
Running for 200 generations...
Best solution found has objective value = 11.8427
Best packing sequence 30 29 12 1 6 53 26 28 46 16 19 5 2 55 11 49 45 58 36 23 54 20 24 22 38 13 7 50 35 10 3 0 31 18 52 47 51 25 17 56 44 59 21 37 27 39 8 9 32 40 42 43 33 4 14 48 34 57 41 15 
Number of bins 11

Class 10
# Itens 60
bin size 100 x 100
Instance 4 / Absolute 474
Running for 200 generations...
Best solution found has objective value = 8.1403
Best packing sequence 28 8 52 33 0 37 31 15 21 48 50 25 7 54 34 13 29 6 46 19 45 12 42 10 49 57 22 36 3 1 44 14 32 47 23 5 11 9 26 59 41 4 39 56 20 43 35 38 51 55 16 53 58 27 30 17 40 24 18 2 
Number of bins 8

Class 10
# Itens 60
bin size 100 x 100
Instance 5 / Absolute 475
Running for 200 generations...
Best solution found has objective value = 8.3832
Best packing sequence 5 15 3 33 11 32 35 23 57 20 25 21 54 12 24 27 6 7 44 59 51 29 2 36 34 1 40 53 46 14 52 43 47 26 17 18 38 0 28 8 9 58 50 30 37 13 55 48 19 49 42 22 16 39 10 41 45 56 4 31 
Number of bins 8

Class 10
# Itens 60
bin size 100 x 100
Instance 6 / Absolute 476
Running for 200 generations...
Best solution found has objective value = 13.4219
Best packing sequence 18 26 49 50 23 52 44 59 10 58 13 7 51 57 30 37 56 11 14 54 5 48 33 1 3 47 16 17 27 40 2 35 19 34 8 22 12 36 0 38 25 15 21 6 41 28 31 4 29 39 45 24 53 20 46 32 9 55 42 43 
Number of bins 13

Class 10
# Itens 60
bin size 100 x 100
Instance 7 / Absolute 477
Running for 200 generations...
Best solution found has objective value = 10.2905
Best packing sequence 29 57 9 36 59 19 18 34 26 33 4 16 2 3 15 42 14 10 31 38 52 21 23 51 37 58 47 30 20 40 11 41 0 6 28 54 49 27 35 5 12 44 56 46 53 8 55 48 1 7 39 22 32 45 17 25 13 43 24 50 
Number of bins 10

Class 10
# Itens 60
bin size 100 x 100
Instance 8 / Absolute 478
Running for 200 generations...
Best solution found has objective value = 10.5097
Best packing sequence 22 16 38 59 19 17 55 26 5 56 50 43 15 53 9 25 51 58 13 20 32 21 41 24 1 12 2 49 7 57 39 31 34 27 3 46 33 44 14 37 28 29 23 30 47 10 48 40 35 11 6 45 18 4 54 52 0 42 8 36 
Number of bins 10

Class 10
# Itens 60
bin size 100 x 100
Instance 9 / Absolute 479
Running for 200 generations...
Best solution found has objective value = 9.1886
Best packing sequence 43 3 36 44 38 31 39 51 57 53 9 7 14 29 21 27 24 58 10 12 11 30 4 33 47 5 34 48 56 20 28 46 6 50 41 22 59 49 25 2 15 16 55 13 32 35 18 45 26 0 54 19 8 37 52 42 23 40 1 17 
Number of bins 9

Class 10
# Itens 60
bin size 100 x 100
Instance 10 / Absolute 480
Running for 200 generations...
Best solution found has objective value = 8.6411
Best packing sequence 54 1 51 33 39 4 7 9 23 25 57 18 31 26 45 3 17 8 41 30 13 2 48 14 59 6 11 44 5 22 27 0 35 56 43 24 38 40 19 16 52 32 58 49 42 29 21 15 47 12 46 55 10 36 34 20 37 28 53 50 
Number of bins 8


# Bins (mean) = 10.1
Class (mean) = 10.514
Best fitness = 8.1403

Class 10
# Itens 80
bin size 100 x 100
Instance 1 / Absolute 481
Running for 200 generations...
Best solution found has objective value = 13.2558
Best packing sequence 12 38 69 40 72 28 1 31 65 43 63 54 34 23 7 27 58 5 36 74 24 62 39 44 25 10 41 4 8 52 6 11 50 61 79 73 68 46 75 51 67 29 47 2 45 15 56 32 55 17 20 57 14 9 77 22 16 48 78 53 64 19 70 21 42 13 37 3 30 18 26 33 60 76 59 71 49 66 35 0 
Number of bins 13

Class 10
# Itens 80
bin size 100 x 100
Instance 2 / Absolute 482
Running for 200 generations...
Best solution found has objective value = 11.202
Best packing sequence 73 11 46 71 7 59 63 65 38 36 47 43 14 40 31 42 56 2 61 6 69 48 33 25 58 37 67 35 9 50 39 17 76 66 3 68 21 13 19 27 23 29 32 79 78 55 0 44 64 45 28 77 53 41 4 51 70 26 52 62 10 30 15 22 60 49 24 5 34 1 8 75 57 18 54 12 20 72 74 16 
Number of bins 11

Class 10
# Itens 80
bin size 100 x 100
Instance 3 / Absolute 483
Running for 200 generations...
Best solution found has objective value = 11.439
Best packing sequence 62 28 54 37 48 71 72 31 67 21 74 9 38 8 6 49 47 55 57 44 60 63 32 43 36 23 45 29 20 34 65 52 56 19 70 14 4 77 7 73 13 12 27 0 10 53 64 40 50 26 2 25 61 66 42 79 75 24 22 51 59 33 39 76 68 17 3 5 1 58 78 41 11 35 15 46 16 18 30 69 
Number of bins 11

Class 10
# Itens 80
bin size 100 x 100
Instance 4 / Absolute 484
Running for 200 generations...
Best solution found has objective value = 14.5571
Best packing sequence 72 7 48 78 57 65 22 58 16 70 0 1 39 68 30 79 5 34 51 36 62 29 52 21 53 31 49 61 60 28 8 59 56 47 44 46 77 40 3 41 12 63 50 54 4 76 23 13 17 2 25 69 38 11 74 67 55 71 18 43 9 75 15 19 42 73 6 45 24 64 10 20 14 27 37 32 33 26 35 66 
Number of bins 14

Class 10
# Itens 80
bin size 100 x 100
Instance 5 / Absolute 485
Running for 200 generations...
Best solution found has objective value = 14.4619
Best packing sequence 71 30 39 42 13 2 7 3 41 28 67 47 31 65 63 36 56 18 50 70 9 6 60 43 5 69 52 24 51 64 40 55 53 45 68 62 22 14 23 73 49 34 58 4 76 66 48 8 33 78 16 0 37 19 26 21 79 38 17 44 25 57 35 15 75 74 72 11 27 29 32 54 1 46 59 10 12 20 77 61 
Number of bins 14

Class 10
# Itens 80
bin size 100 x 100
Instance 6 / Absolute 486
Running for 200 generations...
Best solution found has objective value = 13.753
Best packing sequence 22 16 56 48 71 51 57 58 50 66 17 32 59 18 24 13 21 14 74 31 30 40 60 77 63 65 76 25 49 53 20 26 44 15 69 79 5 43 3 9 28 73 70 72 55 12 2 47 68 7 19 67 34 23 62 0 37 1 27 4 29 46 75 33 78 8 54 52 36 61 38 41 10 6 35 42 11 64 45 39 
Number of bins 13

Class 10
# Itens 80
bin size 100 x 100
Instance 7 / Absolute 487
Running for 200 generations...
Best solution found has objective value = 14.8742
Best packing sequence 5 55 67 71 59 34 44 21 75 0 1 29 15 32 77 19 56 42 41 69 23 78 65 74 76 52 31 49 70 38 40 2 33 62 68 14 51 9 13 50 18 8 73 3 53 43 17 39 26 58 11 36 12 16 79 27 66 54 28 7 4 10 24 47 61 30 37 35 72 48 60 25 64 57 6 45 46 63 20 22 
Number of bins 14

Class 10
# Itens 80
bin size 100 x 100
Instance 8 / Absolute 488
Running for 200 generations...
Best solution found has objective value = 10.7507
Best packing sequence 71 77 64 36 67 73 2 8 7 55 26 1 24 14 72 65 23 47 0 33 17 6 62 79 60 25 78 40 37 11 13 68 22 5 54 51 48 30 63 34 53 38 69 27 57 50 42 66 58 75 49 18 28 12 4 76 29 32 35 16 74 61 39 59 10 45 31 9 3 52 41 19 46 20 44 56 43 15 70 21 
Number of bins 10

Class 10
# Itens 80
bin size 100 x 100
Instance 9 / Absolute 489
Running for 200 generations...
Best solution found has objective value = 13.2254
Best packing sequence 67 10 64 74 79 38 56 25 72 77 26 44 62 69 2 45 39 14 0 68 65 15 61 55 11 43 19 17 57 51 13 24 20 22 41 6 32 34 63 5 75 70 73 71 27 54 23 8 78 76 60 30 12 66 29 46 21 49 50 36 28 48 7 31 37 47 4 42 35 40 1 9 16 59 3 18 53 58 52 33 
Number of bins 13

Class 10
# Itens 80
bin size 100 x 100
Instance 10 / Absolute 490
Running for 200 generations...
Best solution found has objective value = 15.2179
Best packing sequence 43 52 79 13 45 66 65 47 64 8 32 7 34 44 12 33 9 41 67 73 19 74 16 70 17 4 0 10 57 51 60 46 11 75 14 58 38 56 54 42 35 23 20 25 49 5 69 27 2 26 21 61 15 59 77 53 78 40 48 31 39 68 71 28 72 24 50 36 1 3 37 18 62 55 6 22 29 30 76 63 
Number of bins 15


# Bins (mean) = 12.8
Class (mean) = 13.2737
Best fitness = 10.7507

Class 10
# Itens 100
bin size 100 x 100
Instance 1 / Absolute 491
Running for 200 generations...
Best solution found has objective value = 15.0634
Best packing sequence 52 18 6 41 75 66 53 15 38 77 37 79 26 62 80 7 50 73 30 91 55 35 47 48 59 36 63 57 95 69 70 98 93 71 29 13 25 31 76 92 0 99 3 23 90 24 44 85 67 74 22 86 39 2 97 10 34 4 54 87 72 65 21 42 64 19 68 61 14 46 9 56 88 20 81 12 45 32 96 27 89 17 58 82 1 78 33 43 94 28 49 8 60 11 16 84 5 51 40 83 
Number of bins 15

Class 10
# Itens 100
bin size 100 x 100
Instance 2 / Absolute 492
Running for 200 generations...
Best solution found has objective value = 16.1604
Best packing sequence 16 56 51 91 78 30 66 77 15 52 21 54 58 71 42 93 46 79 95 48 83 76 60 24 85 80 39 22 73 38 11 45 88 8 6 64 72 23 0 86 25 7 2 31 53 97 82 36 1 12 13 68 55 70 26 74 28 50 35 57 19 69 87 37 89 34 81 63 47 90 65 99 43 98 27 40 75 32 18 41 4 17 33 29 84 3 94 14 44 67 92 10 59 49 9 62 61 20 96 5 
Number of bins 16

Class 10
# Itens 100
bin size 100 x 100
Instance 3 / Absolute 493
Running for 200 generations...
Best solution found has objective value = 16.5085
Best packing sequence 74 90 5 24 35 99 63 80 54 83 13 82 33 3 97 75 95 61 57 14 15 94 25 51 7 81 76 19 98 77 88 27 43 2 65 0 64 46 70 85 44 31 36 18 69 34 60 16 68 87 71 62 56 20 47 4 42 53 22 11 26 92 41 93 73 21 59 12 1 6 72 37 32 96 78 30 50 48 23 9 91 55 28 29 86 79 52 66 40 10 45 8 58 17 84 67 89 38 39 49 
Number of bins 16

Class 10
# Itens 100
bin size 100 x 100
Instance 4 / Absolute 494
Running for 200 generations...
Best solution found has objective value = 18.0723
Best packing sequence 71 39 89 42 2 84 7 3 51 56 30 28 98 61 95 62 41 31 63 34 36 52 0 85 65 13 78 18 24 91 57 64 4 32 33 47 97 22 40 60 19 6 86 44 76 38 75 67 50 16 37 14 5 73 48 45 46 90 66 21 15 29 72 55 70 94 35 11 68 87 27 79 10 8 23 83 82 17 53 96 9 77 81 92 26 54 93 88 43 59 25 74 20 58 80 49 1 99 12 69 
Number of bins 18

Class 10
# Itens 100
bin size 100 x 100
Instance 5 / Absolute 495
Running for 200 generations...
Best solution found has objective value = 18.3836
Best packing sequence 23 92 76 87 61 42 1 97 47 4 25 54 27 37 45 15 56 74 50 29 16 88 28 55 10 60 83 99 48 89 58 68 24 2 31 84 39 0 80 64 32 14 78 11 66 19 69 94 51 75 17 57 81 43 13 93 38 67 30 59 8 73 34 41 82 52 85 21 20 6 95 77 44 91 96 22 71 98 62 63 79 70 5 18 90 26 40 9 36 12 7 3 49 65 33 35 46 72 86 53 
Number of bins 18

Class 10
# Itens 100
bin size 100 x 100
Instance 6 / Absolute 496
Running for 200 generations...
Best solution found has objective value = 13.6573
Best packing sequence 49 91 82 33 39 97 87 54 4 89 74 1 58 77 98 7 75 61 13 92 18 67 80 12 2 32 51 85 70 63 99 5 9 84 93 31 45 0 86 96 65 47 59 19 78 25 81 88 68 10 56 72 23 48 44 17 6 35 3 15 41 42 40 11 43 57 20 50 79 69 36 46 55 22 24 83 38 71 29 60 26 21 53 37 73 95 14 90 16 8 34 30 64 66 76 28 62 27 52 94 
Number of bins 13

Class 10
# Itens 100
bin size 100 x 100
Instance 7 / Absolute 497
Running for 200 generations...
Best solution found has objective value = 14.3183
Best packing sequence 74 99 19 43 26 21 90 98 33 54 36 39 24 6 14 68 7 31 61 2 28 84 53 96 51 1 94 44 56 18 30 37 23 5 57 97 78 82 55 12 17 15 87 63 42 3 49 69 47 91 11 52 60 16 58 65 48 25 59 75 45 86 67 95 41 34 66 80 89 8 10 85 93 22 73 20 9 50 70 62 88 29 79 92 40 13 38 71 64 72 4 81 27 83 76 0 77 32 35 46 
Number of bins 14

Class 10
# Itens 100
bin size 100 x 100
Instance 8 / Absolute 498
Running for 200 generations...
Best solution found has objective value = 18.809
Best packing sequence 43 4 45 14 18 99 64 83 52 56 44 8 84 35 24 91 6 11 66 13 29 31 32 53 2 33 82 89 92 7 9 96 75 72 61 74 38 19 42 51 20 70 41 17 0 40 15 69 65 46 25 59 79 73 54 36 1 5 21 90 97 60 26 76 63 55 47 81 86 68 95 16 12 49 34 23 87 37 28 10 85 58 30 67 93 77 22 88 39 94 57 71 50 48 27 3 80 62 78 98 
Number of bins 18

Class 10
# Itens 100
bin size 100 x 100
Instance 9 / Absolute 499
Running for 200 generations...
Best solution found has objective value = 17.05
Best packing sequence 75 37 14 56 8 97 49 95 44 13 98 92 12 43 16 52 42 54 30 41 58 82 70 65 15 5 62 81 10 99 45 94 96 1 48 40 4 72 78 69 84 6 53 86 20 34 63 26 18 28 19 31 87 50 23 7 79 55 80 71 61 39 2 67 90 64 76 29 46 38 85 22 89 0 27 93 57 91 32 11 60 21 59 74 47 3 25 83 51 66 77 68 88 33 36 73 17 24 9 35 
Number of bins 17

Class 10
# Itens 100
bin size 100 x 100
Instance 10 / Absolute 500
Running for 200 generations...
Best solution found has objective value = 16.0744
Best packing sequence 53 92 26 1 55 97 68 78 3 6 84 42 38 60 52 40 13 4 15 77 76 87 25 22 19 9 79 88 89 83 47 72 99 34 85 66 11 30 37 36 8 12 54 31 32 29 96 2 90 70 94 41 58 75 46 35 74 62 18 51 71 59 61 63 98 5 50 28 27 65 67 24 14 21 73 45 17 20 16 95 33 69 80 7 10 43 82 39 49 44 91 23 86 0 57 48 56 93 64 81 
Number of bins 16


# Bins (mean) = 16.1
Class (mean) = 16.4097
Best fitness = 13.6573

