Class 6 #Itens 20 bin size 300 x 300
Instance 1 / Absolute 251
Running for 200 generations...
Best solution found has objective value = 1.59678
Best chromosome 16 14 15 9 4 6 11 3 0 12 2 5 1 18 10 17 19 7 13 8 

Class 6 #Itens 20 bin size 300 x 300
Instance 2 / Absolute 252
Running for 200 generations...
Best solution found has objective value = 1.35963
Best chromosome 16 14 15 9 4 6 11 3 0 12 2 5 1 18 10 17 19 7 13 8 

Class 6 #Itens 20 bin size 300 x 300
Instance 3 / Absolute 253
Running for 200 generations...
Best solution found has objective value = 1.61374
Best chromosome 16 14 15 9 4 6 11 3 0 12 2 5 1 18 10 17 19 7 13 8 

Class 6 #Itens 20 bin size 300 x 300
Instance 4 / Absolute 254
Running for 200 generations...
Best solution found has objective value = 1.4321
Best chromosome 16 14 15 9 4 6 11 3 0 12 2 5 1 18 10 17 19 7 13 8 

Class 6 #Itens 20 bin size 300 x 300
Instance 5 / Absolute 255
Running for 200 generations...
Best solution found has objective value = 1.48454
Best chromosome 16 14 15 9 4 6 11 3 0 12 2 5 1 18 10 17 19 7 13 8 

Class 6 #Itens 20 bin size 300 x 300
Instance 6 / Absolute 256
Running for 200 generations...
Best solution found has objective value = 1.66878
Best chromosome 16 14 15 9 4 6 11 3 0 12 2 5 1 18 10 17 19 7 13 8 

Class 6 #Itens 20 bin size 300 x 300
Instance 7 / Absolute 257
Running for 200 generations...
Best solution found has objective value = 1.47396
Best chromosome 16 14 15 9 4 6 11 3 0 12 2 5 1 18 10 17 19 7 13 8 

Class 6 #Itens 20 bin size 300 x 300
Instance 8 / Absolute 258
Running for 200 generations...
Best solution found has objective value = 1.44961
Best chromosome 16 14 15 9 4 6 11 3 0 12 2 5 1 18 10 17 19 7 13 8 

Class 6 #Itens 20 bin size 300 x 300
Instance 9 / Absolute 259
Running for 200 generations...
Best solution found has objective value = 1.58632
Best chromosome 16 14 15 9 4 6 11 3 0 12 2 5 1 18 10 17 19 7 13 8 

Class 6 #Itens 20 bin size 300 x 300
Instance 10 / Absolute 260
Running for 200 generations...
Best solution found has objective value = 1.64903
Best chromosome 14 4 6 10 9 12 2 8 13 16 17 15 5 19 11 3 1 18 7 0 

Z 1.53145
Min fitness 1.35963


Class 6 #Itens 40 bin size 300 x 300
Instance 1 / Absolute 261
Running for 200 generations...
Best solution found has objective value = 1.77243
Best chromosome 34 16 14 15 24 26 30 9 29 4 6 32 22 28 11 3 0 12 33 2 36 37 35 25 5 39 1 31 18 23 10 21 17 19 7 13 38 27 8 20 

Class 6 #Itens 40 bin size 300 x 300
Instance 2 / Absolute 262
Running for 200 generations...
Best solution found has objective value = 2.02484
Best chromosome 33 16 30 25 18 4 10 15 36 2 27 0 21 31 35 19 38 3 34 24 17 28 37 20 23 39 22 14 6 11 9 7 32 8 29 1 12 13 5 26 

Class 6 #Itens 40 bin size 300 x 300
Instance 3 / Absolute 263
Running for 200 generations...
Best solution found has objective value = 2.2967
Best chromosome 17 38 22 5 39 29 11 8 3 7 12 35 25 14 37 20 13 6 2 26 16 19 4 9 27 23 21 36 33 32 10 15 0 30 18 28 31 34 1 24 

Class 6 #Itens 40 bin size 300 x 300
Instance 4 / Absolute 264
Running for 200 generations...
Best solution found has objective value = 2.1712
Best chromosome 35 22 19 27 3 32 14 17 11 28 0 29 26 33 30 15 1 20 23 24 4 34 36 18 6 31 37 39 21 12 5 10 7 2 9 38 8 16 25 13 

Class 6 #Itens 40 bin size 300 x 300
Instance 5 / Absolute 265
Running for 200 generations...
Best solution found has objective value = 2.33639
Best chromosome 3 0 20 38 25 12 10 24 34 37 13 29 14 15 31 7 4 9 18 36 2 1 35 39 23 33 27 30 19 26 6 11 17 28 22 5 8 32 21 16 

Class 6 #Itens 40 bin size 300 x 300
Instance 6 / Absolute 266
Running for 200 generations...
Best solution found has objective value = 2.00158
Best chromosome 35 34 22 28 11 33 23 14 24 32 13 2 18 30 29 39 3 6 9 37 5 38 0 26 17 12 7 10 36 20 1 21 4 15 27 31 8 19 25 16 

Class 6 #Itens 40 bin size 300 x 300
Instance 7 / Absolute 267
Running for 200 generations...
Best solution found has objective value = 2.02364
Best chromosome 18 17 16 21 38 10 37 23 9 4 25 32 2 20 29 6 1 8 3 5 28 19 30 36 22 12 39 26 14 24 0 34 35 31 15 7 33 11 27 13 

Class 6 #Itens 40 bin size 300 x 300
Instance 8 / Absolute 268
Running for 200 generations...
Best solution found has objective value = 2.40874
Best chromosome 16 26 8 34 32 9 31 36 2 25 23 11 0 33 21 13 5 37 4 24 30 3 29 39 14 19 6 15 28 20 22 7 18 38 1 27 12 35 17 10 

Class 6 #Itens 40 bin size 300 x 300
Instance 9 / Absolute 269
Running for 200 generations...
Best solution found has objective value = 1.93311
Best chromosome 21 39 18 10 22 14 30 25 38 4 16 15 32 33 26 20 37 27 0 28 17 8 35 12 1 36 31 24 29 5 9 13 6 34 23 11 19 3 7 2 

Class 6 #Itens 40 bin size 300 x 300
Instance 10 / Absolute 270
Running for 200 generations...
Best solution found has objective value = 1.9392
Best chromosome 18 8 7 32 28 29 1 10 21 20 2 22 26 5 33 11 38 25 9 31 6 13 35 12 37 14 36 16 4 30 24 3 39 0 23 27 17 34 15 19 

Z 2.09078
Min fitness 1.77243


Class 6 #Itens 60 bin size 300 x 300
Instance 1 / Absolute 271
Running for 200 generations...
Best solution found has objective value = 2.93059
Best chromosome 1 35 9 8 48 58 22 51 2 6 59 7 30 46 38 28 53 17 10 32 45 36 33 27 43 31 11 40 54 13 14 52 4 41 5 16 57 24 19 21 47 0 23 12 20 29 49 3 39 37 50 42 18 56 25 34 26 44 55 15 

Class 6 #Itens 60 bin size 300 x 300
Instance 2 / Absolute 272
Running for 200 generations...
Best solution found has objective value = 2.61191
Best chromosome 7 5 20 38 17 4 39 22 29 13 11 49 12 53 3 26 41 2 30 36 35 23 15 9 48 6 52 14 55 1 27 0 44 28 25 46 21 37 19 8 59 54 18 58 34 56 31 24 16 43 10 42 45 40 47 33 50 32 57 51 

Class 6 #Itens 60 bin size 300 x 300
Instance 3 / Absolute 273
Running for 200 generations...
Best solution found has objective value = 2.72856
Best chromosome 30 40 29 44 57 38 10 0 3 6 5 52 33 8 31 16 25 26 43 55 4 35 59 47 9 11 56 58 37 2 12 50 41 23 54 22 34 46 24 53 19 17 45 14 1 51 42 18 48 21 20 49 7 27 13 28 32 39 36 15 

Class 6 #Itens 60 bin size 300 x 300
Instance 4 / Absolute 274
Running for 200 generations...
Best solution found has objective value = 2.72813
Best chromosome 11 43 54 57 52 28 34 56 23 45 14 4 41 49 35 22 18 32 40 38 50 30 37 48 39 9 6 26 29 2 53 33 5 58 55 0 16 13 7 24 59 3 31 17 27 20 12 25 21 51 42 1 15 47 8 10 46 36 44 19 

Class 6 #Itens 60 bin size 300 x 300
Instance 5 / Absolute 275
Running for 200 generations...
Best solution found has objective value = 2.52974
Best chromosome 13 9 55 8 23 4 28 3 34 41 19 29 45 5 22 43 36 10 17 18 25 20 2 14 53 42 30 38 59 12 24 37 33 56 48 46 39 27 6 50 26 57 11 44 7 1 52 49 16 51 40 31 32 47 21 58 0 35 15 54 

Class 6 #Itens 60 bin size 300 x 300
Instance 6 / Absolute 276
Running for 200 generations...
Best solution found has objective value = 2.55062
Best chromosome 37 58 50 12 42 18 32 25 13 40 44 20 10 53 16 24 22 8 49 33 21 41 31 56 52 15 35 0 36 9 23 28 3 1 51 2 47 7 59 19 30 4 57 5 54 17 38 26 29 34 39 11 55 45 6 27 14 43 48 46 

Class 6 #Itens 60 bin size 300 x 300
Instance 7 / Absolute 277
Running for 200 generations...
Best solution found has objective value = 2.3908
Best chromosome 50 5 28 52 44 46 25 3 22 57 24 18 8 34 0 14 39 35 1 55 2 47 59 32 40 26 15 41 11 12 27 53 31 49 30 13 21 54 37 48 58 9 56 20 42 51 33 4 43 45 36 6 29 19 17 10 7 38 16 23 

Class 6 #Itens 60 bin size 300 x 300
Instance 8 / Absolute 278
Running for 200 generations...
Best solution found has objective value = 2.80198
Best chromosome 46 58 32 47 18 54 36 30 23 13 3 20 1 28 7 59 52 45 27 19 22 39 42 49 17 57 31 24 4 15 48 29 44 0 43 53 56 10 35 33 50 9 55 37 21 14 41 5 6 38 8 40 25 51 2 16 26 11 34 12 

Class 6 #Itens 60 bin size 300 x 300
Instance 9 / Absolute 279
Running for 200 generations...
Best solution found has objective value = 2.61967
Best chromosome 22 38 55 11 31 51 28 44 24 12 32 47 3 39 42 36 25 52 37 57 50 43 35 40 30 48 26 18 19 34 7 41 45 9 27 6 58 20 53 16 29 8 13 21 17 56 2 1 14 4 59 54 23 5 15 46 33 49 0 10 

Class 6 #Itens 60 bin size 300 x 300
Instance 10 / Absolute 280
Running for 200 generations...
Best solution found has objective value = 3.09823
Best chromosome 54 0 38 18 44 27 14 59 58 48 50 5 47 19 29 49 4 16 35 24 15 13 20 28 42 22 53 45 1 21 12 39 33 32 34 10 26 23 7 11 25 31 9 2 17 36 30 51 40 56 6 57 43 37 3 55 52 41 46 8 

Z 2.69902
Min fitness 2.3908


Class 6 #Itens 80 bin size 300 x 300
Instance 1 / Absolute 281
Running for 200 generations...
Best solution found has objective value = 3.18098
Best chromosome 15 19 10 27 25 67 44 2 6 71 16 69 49 62 40 68 38 59 43 24 30 28 31 18 4 54 55 33 42 58 22 48 41 72 35 79 17 60 51 73 52 56 32 63 34 78 0 11 46 3 8 13 74 61 7 36 53 14 65 23 75 77 50 1 37 47 76 12 26 45 70 64 20 66 9 57 39 5 21 29 

Class 6 #Itens 80 bin size 300 x 300
Instance 2 / Absolute 282
Running for 200 generations...
Best solution found has objective value = 3.27047
Best chromosome 35 46 14 11 70 3 50 15 26 30 19 75 20 22 68 36 37 44 0 74 67 25 40 65 69 4 57 32 10 73 43 5 58 23 78 76 27 28 41 24 29 53 55 66 7 60 31 21 49 42 79 72 9 6 16 61 59 48 45 62 52 12 64 8 17 71 18 39 56 34 54 13 63 2 77 1 51 38 47 33 

Class 6 #Itens 80 bin size 300 x 300
Instance 3 / Absolute 283
Running for 200 generations...
Best solution found has objective value = 3.19517
Best chromosome 71 52 34 54 11 22 76 56 64 23 13 57 45 9 18 30 51 29 75 48 41 58 39 33 59 67 5 14 35 43 28 63 60 69 2 6 68 21 32 55 79 38 1 61 42 50 7 40 66 26 8 12 47 49 62 15 17 44 25 65 73 3 31 0 36 78 74 10 20 27 53 4 24 46 37 72 16 19 77 70 

Class 6 #Itens 80 bin size 300 x 300
Instance 4 / Absolute 284
Running for 200 generations...
Best solution found has objective value = 3.32544
Best chromosome 65 9 13 5 36 16 23 74 32 6 58 45 3 42 4 31 61 34 24 49 26 1 60 25 57 30 33 2 20 29 22 68 8 11 43 41 14 12 73 50 75 15 69 70 7 48 71 18 39 62 35 47 56 28 17 10 63 55 0 77 37 72 76 44 54 27 79 38 53 46 21 52 59 67 51 19 78 66 40 64 

Class 6 #Itens 80 bin size 300 x 300
Instance 5 / Absolute 285
Running for 200 generations...
Best solution found has objective value = 3.2408
Best chromosome 12 79 7 46 8 47 55 1 70 59 71 67 53 64 41 48 61 0 11 14 9 75 52 13 17 56 40 63 65 30 15 6 77 20 18 28 22 35 39 50 31 73 32 10 44 45 58 72 33 68 66 2 42 25 5 19 36 49 57 29 37 76 38 24 51 3 78 21 62 23 43 60 4 27 34 69 54 74 16 26 

Class 6 #Itens 80 bin size 300 x 300
Instance 6 / Absolute 286
Running for 200 generations...
Best solution found has objective value = 3.42274
Best chromosome 47 77 30 28 36 32 46 38 67 60 58 3 1 52 72 31 37 65 54 19 63 23 7 18 44 29 13 20 11 27 45 0 70 2 43 59 41 33 4 10 50 9 6 14 57 24 61 48 73 68 53 55 62 35 17 12 25 42 22 15 49 21 75 71 76 64 79 56 51 5 40 78 69 16 66 39 26 8 74 34 

Class 6 #Itens 80 bin size 300 x 300
Instance 7 / Absolute 287
Running for 200 generations...
Best solution found has objective value = 3.56824
Best chromosome 50 57 29 15 54 63 6 11 23 52 45 27 10 47 22 38 62 78 74 9 35 42 39 8 59 0 61 44 13 77 36 2 20 56 31 55 40 60 48 4 7 26 25 41 72 28 79 76 69 32 43 49 30 73 14 21 12 70 66 34 16 64 37 1 33 19 71 51 46 24 67 58 68 18 3 65 5 75 17 53 

Class 6 #Itens 80 bin size 300 x 300
Instance 8 / Absolute 288
Running for 200 generations...
Best solution found has objective value = 3.5603
Best chromosome 22 20 21 26 6 36 61 55 19 17 73 69 8 59 76 24 52 30 68 4 60 48 72 44 27 2 58 78 15 7 43 31 63 65 40 51 5 56 54 39 23 71 16 3 74 75 50 46 57 12 62 33 34 64 11 32 38 13 47 37 18 25 29 67 41 53 70 14 42 45 0 1 10 77 66 9 49 79 28 35 

Class 6 #Itens 80 bin size 300 x 300
Instance 9 / Absolute 289
Running for 200 generations...
Best solution found has objective value = 3.63399
Best chromosome 78 72 41 21 61 68 55 8 22 58 23 16 77 62 63 53 25 35 7 52 36 42 38 39 37 29 9 60 56 0 14 74 13 24 40 54 17 67 50 4 43 44 69 46 57 2 65 31 30 28 75 59 71 5 76 19 6 51 32 26 64 10 70 34 1 15 27 12 3 48 79 11 47 18 33 73 45 49 20 66 

Class 6 #Itens 80 bin size 300 x 300
Instance 10 / Absolute 290
Running for 200 generations...
Best solution found has objective value = 3.29899
Best chromosome 60 35 29 28 30 1 8 43 42 14 46 36 32 63 26 27 52 76 4 41 55 45 58 74 3 48 65 23 69 59 22 19 77 62 17 33 25 34 53 72 61 54 37 78 67 6 68 51 56 49 38 73 24 15 0 75 16 44 9 18 79 47 10 11 20 70 39 31 21 13 12 66 7 57 40 50 2 5 64 71 

Z 3.36971
Min fitness 3.18098


Class 6 #Itens 100 bin size 300 x 300
Instance 1 / Absolute 291
Running for 200 generations...
Best solution found has objective value = 3.54943
Best chromosome 43 30 47 7 90 86 62 59 96 27 3 84 87 40 28 41 32 0 46 29 5 33 10 20 98 9 23 64 76 38 39 58 25 37 56 81 22 68 63 53 50 19 6 70 42 16 66 73 13 95 52 4 54 88 65 1 67 44 18 85 36 75 17 21 82 93 78 97 92 57 24 35 80 60 26 55 89 2 69 94 34 48 71 45 74 77 49 99 91 31 14 11 61 8 15 51 72 12 79 83 

Class 6 #Itens 100 bin size 300 x 300
Instance 2 / Absolute 292
Running for 200 generations...
Best solution found has objective value = 4.04607
Best chromosome 87 20 24 47 41 7 79 56 95 98 36 97 18 96 75 13 64 38 42 25 4 48 43 0 61 89 9 40 1 78 91 51 45 27 66 21 29 85 84 63 80 54 67 12 19 88 3 77 14 53 34 23 68 60 22 10 52 11 28 94 69 90 37 93 39 76 74 49 17 26 62 55 5 46 73 83 82 8 50 15 30 57 92 33 44 35 81 2 16 6 65 70 71 31 32 72 59 86 99 58 

Class 6 #Itens 100 bin size 300 x 300
Instance 3 / Absolute 293
Running for 200 generations...
Best solution found has objective value = 3.51674
Best chromosome 97 78 96 8 98 89 23 28 90 4 21 45 75 39 3 34 14 48 41 55 19 30 91 22 17 9 2 53 61 87 24 72 37 84 69 32 58 5 86 76 10 77 43 50 13 71 38 70 40 85 54 29 73 18 56 81 94 12 64 16 66 6 36 52 68 33 20 46 83 44 25 59 63 0 47 11 80 60 57 65 88 35 62 74 7 51 31 1 42 82 99 26 93 15 92 27 67 79 49 95 

Class 6 #Itens 100 bin size 300 x 300
Instance 4 / Absolute 294
Running for 200 generations...
Best solution found has objective value = 3.71591
Best chromosome 50 91 70 67 53 71 22 88 79 46 40 56 12 77 32 64 55 13 61 18 83 98 97 59 7 20 47 0 52 72 73 8 99 89 11 28 2 21 10 76 90 94 66 39 96 63 86 26 1 41 5 85 16 42 38 45 68 29 69 81 34 37 3 19 75 78 82 65 60 23 49 6 4 30 93 17 92 27 14 35 95 62 44 54 87 31 36 25 74 9 84 57 43 58 33 24 15 80 48 51 

Class 6 #Itens 100 bin size 300 x 300
Instance 5 / Absolute 295
Running for 200 generations...
Best solution found has objective value = 3.8937
Best chromosome 31 52 91 45 87 40 13 2 68 72 67 82 90 41 47 83 89 96 92 65 42 28 46 54 35 3 55 38 77 19 16 9 11 62 86 29 60 21 17 43 56 78 10 94 30 49 73 95 71 63 98 44 79 93 22 59 6 37 84 33 5 4 58 74 34 69 85 39 32 18 24 27 20 25 61 23 81 14 57 70 97 26 8 64 66 88 51 75 48 99 12 15 1 80 36 50 53 76 0 7 

Class 6 #Itens 100 bin size 300 x 300
Instance 6 / Absolute 296
Running for 200 generations...
Best solution found has objective value = 4.34036
Best chromosome 38 22 63 53 13 42 20 64 62 45 87 96 77 59 97 29 2 27 44 14 94 9 19 28 89 32 0 39 26 35 57 25 17 82 18 23 54 11 50 43 7 84 5 6 49 15 58 31 21 74 90 69 24 71 81 92 75 4 72 73 65 93 95 98 33 68 55 47 37 52 76 70 48 67 12 61 34 30 46 91 99 85 40 8 66 80 16 56 83 78 51 36 88 86 10 79 60 3 1 41 

Class 6 #Itens 100 bin size 300 x 300
Instance 7 / Absolute 297
Running for 200 generations...
Best solution found has objective value = 3.5818
Best chromosome 73 80 30 62 11 74 50 23 47 12 95 29 98 35 85 76 1 91 69 59 75 70 32 3 87 4 37 22 84 43 2 78 21 52 86 25 65 40 55 33 38 36 68 27 99 60 63 39 90 54 44 51 15 7 24 72 34 49 5 20 16 66 42 58 53 81 96 93 48 8 56 9 13 67 83 26 14 71 89 61 6 88 28 79 94 19 17 45 10 77 31 57 0 18 82 41 64 92 46 97 

Class 6 #Itens 100 bin size 300 x 300
Instance 8 / Absolute 298
Running for 200 generations...
Best solution found has objective value = 4.05161
Best chromosome 84 94 60 14 26 55 77 76 7 28 29 37 51 75 57 90 36 58 8 45 48 71 78 35 0 82 21 42 69 88 74 62 43 32 93 70 5 46 67 56 81 25 64 30 52 1 72 19 80 59 63 27 11 3 68 22 92 98 34 89 61 9 44 54 31 16 87 23 65 53 15 91 13 4 17 79 86 83 18 95 47 24 85 33 50 96 38 2 6 41 97 49 99 40 66 73 12 20 39 10 

Class 6 #Itens 100 bin size 300 x 300
Instance 9 / Absolute 299
Running for 200 generations...
Best solution found has objective value = 3.78828
Best chromosome 36 44 72 88 40 30 23 45 63 98 3 97 64 25 68 0 15 59 57 65 31 74 18 52 78 96 24 54 80 66 19 83 58 43 73 2 12 8 33 51 56 46 94 82 89 85 47 28 49 76 95 61 48 62 71 32 6 91 27 22 29 34 81 77 37 10 92 84 93 20 70 26 1 53 50 5 99 55 39 11 42 13 9 4 79 69 67 41 17 21 16 38 90 35 7 14 87 86 75 60 

Class 6 #Itens 100 bin size 300 x 300
Instance 10 / Absolute 300
Running for 200 generations...
Best solution found has objective value = 4.33336
Best chromosome 0 23 68 80 65 57 81 90 58 42 56 39 26 74 76 9 6 40 46 10 5 77 20 25 41 88 71 84 75 51 19 17 22 14 50 16 29 54 30 87 12 3 92 99 64 55 53 72 47 13 93 89 98 24 32 79 61 73 67 60 7 11 33 21 48 31 96 82 62 70 38 59 86 8 45 66 49 18 44 85 94 28 27 2 35 1 83 43 52 78 95 15 69 97 37 34 36 91 4 63 

Z 3.88173
Min fitness 3.51674
