
Class 9 #Itens 20 bin size 100 x 100
Instance 1 / Absolute 401
Running for 200 generations...
Best solution found has objective value = 19.3021
Best packing sequence 16 14 15 9 4 6 11 3 0 12 2 5 1 18 10 17 19 7 13 8 

Class 9 #Itens 20 bin size 100 x 100
Instance 2 / Absolute 402
Running for 200 generations...
Best solution found has objective value = 13.3498
Best packing sequence 16 14 15 9 4 6 11 3 0 12 2 5 1 18 10 17 19 7 13 8 

Class 9 #Itens 20 bin size 100 x 100
Instance 3 / Absolute 403
Running for 200 generations...
Best solution found has objective value = 14.3366
Best packing sequence 14 4 5 3 11 13 0 16 2 17 7 8 18 12 6 1 15 19 9 10 

Class 9 #Itens 20 bin size 100 x 100
Instance 4 / Absolute 404
Running for 200 generations...
Best solution found has objective value = 16.2862
Best packing sequence 3 13 7 15 14 6 19 17 8 0 9 1 11 18 10 16 4 5 2 12 

Class 9 #Itens 20 bin size 100 x 100
Instance 5 / Absolute 405
Running for 200 generations...
Best solution found has objective value = 16.3364
Best packing sequence 16 14 15 9 4 6 11 3 0 12 2 5 1 18 10 17 19 7 13 8 

Class 9 #Itens 20 bin size 100 x 100
Instance 6 / Absolute 406
Running for 200 generations...
Best solution found has objective value = 14.5265
Best packing sequence 17 11 2 9 4 16 1 15 13 0 18 14 12 5 7 6 3 19 10 8 

Class 9 #Itens 20 bin size 100 x 100
Instance 7 / Absolute 407
Running for 200 generations...
Best solution found has objective value = 9.3016
Best packing sequence 17 1 13 11 9 6 12 18 5 10 7 4 15 0 16 3 8 19 2 14 

Class 9 #Itens 20 bin size 100 x 100
Instance 8 / Absolute 408
Running for 200 generations...
Best solution found has objective value = 14.3355
Best packing sequence 19 17 2 7 12 15 5 14 0 10 1 6 4 8 16 11 3 13 18 9 

Class 9 #Itens 20 bin size 100 x 100
Instance 9 / Absolute 409
Running for 200 generations...
Best solution found has objective value = 15.3024
Best packing sequence 16 14 15 9 4 6 11 3 0 12 2 5 1 18 10 17 19 7 13 8 

Class 9 #Itens 20 bin size 100 x 100
Instance 10 / Absolute 410
Running for 200 generations...
Best solution found has objective value = 13.2856
Best packing sequence 2 12 1 10 16 4 0 19 8 3 17 9 5 18 6 7 13 15 14 11 

Z 14.3
Class mean 14.6363
Min fitness 9.3016


Class 9 #Itens 40 bin size 100 x 100
Instance 1 / Absolute 411
Running for 200 generations...
Best solution found has objective value = 25.2912
Best packing sequence 32 3 23 16 13 11 34 14 6 35 38 27 4 36 30 28 24 5 31 26 18 25 9 17 0 15 19 8 21 39 7 1 33 22 2 37 12 20 29 10 

Class 9 #Itens 40 bin size 100 x 100
Instance 2 / Absolute 412
Running for 200 generations...
Best solution found has objective value = 32.2856
Best packing sequence 34 16 14 15 24 26 30 9 29 4 6 32 22 28 11 3 0 12 33 2 36 37 35 25 5 39 1 31 18 23 10 21 17 19 7 13 38 27 8 20 

Class 9 #Itens 40 bin size 100 x 100
Instance 3 / Absolute 413
Running for 200 generations...
Best solution found has objective value = 29.3
Best packing sequence 27 0 30 4 2 36 18 28 15 10 1 20 24 37 31 21 6 17 13 3 29 16 19 22 9 14 11 5 34 38 33 35 32 23 26 39 7 12 25 8 

Class 9 #Itens 40 bin size 100 x 100
Instance 4 / Absolute 414
Running for 200 generations...
Best solution found has objective value = 31.3355
Best packing sequence 19 17 2 7 12 15 28 24 5 21 14 33 0 10 35 1 30 6 4 27 8 25 37 16 26 11 20 3 39 32 13 22 34 18 31 36 38 9 29 23 

Class 9 #Itens 40 bin size 100 x 100
Instance 5 / Absolute 415
Running for 200 generations...
Best solution found has objective value = 27.2856
Best packing sequence 31 23 2 12 25 37 1 10 21 16 4 0 19 36 8 3 27 20 17 9 38 32 5 22 33 26 34 28 18 30 35 6 7 13 15 14 11 24 39 29 

Class 9 #Itens 40 bin size 100 x 100
Instance 6 / Absolute 416
Running for 200 generations...
Best solution found has objective value = 29.4028
Best packing sequence 31 23 2 12 25 37 1 10 21 16 4 0 19 36 8 3 27 20 17 9 38 32 5 22 33 26 34 28 18 30 35 6 7 13 15 14 11 24 39 29 

Class 9 #Itens 40 bin size 100 x 100
Instance 7 / Absolute 417
Running for 200 generations...
Best solution found has objective value = 24.3432
Best packing sequence 19 17 2 7 12 15 28 24 5 21 14 33 0 10 35 1 30 6 4 27 8 25 37 16 26 11 20 3 39 32 13 22 34 18 31 36 38 9 29 23 

Class 9 #Itens 40 bin size 100 x 100
Instance 8 / Absolute 418
Running for 200 generations...
Best solution found has objective value = 26.3283
Best packing sequence 6 13 19 11 38 20 9 32 12 31 15 36 23 37 29 16 7 30 39 1 35 10 26 22 27 25 21 0 18 2 8 28 34 14 5 3 17 24 33 4 

Class 9 #Itens 40 bin size 100 x 100
Instance 9 / Absolute 419
Running for 200 generations...
Best solution found has objective value = 21.3172
Best packing sequence 13 36 37 20 17 31 35 25 5 8 28 11 24 27 21 30 16 18 33 39 1 32 9 15 3 0 6 10 23 19 12 4 2 7 22 38 26 34 14 29 

Class 9 #Itens 40 bin size 100 x 100
Instance 10 / Absolute 420
Running for 200 generations...
Best solution found has objective value = 34.3
Best packing sequence 32 23 18 4 29 2 15 14 27 25 0 39 17 26 16 12 9 11 21 37 8 10 34 31 3 6 36 13 24 20 28 33 38 30 7 19 1 35 5 22 

Z 27.8
Class mean 28.1189
Min fitness 21.3172


Class 9 #Itens 60 bin size 100 x 100
Instance 1 / Absolute 421
Running for 200 generations...
Best solution found has objective value = 46.3135
Best packing sequence 30 55 42 58 40 5 57 1 37 56 27 59 14 4 41 19 26 34 49 52 48 50 2 32 22 35 11 0 36 16 46 17 15 8 31 51 44 28 25 3 7 38 24 9 47 23 39 10 29 12 33 53 21 6 13 18 43 45 54 20 

Class 9 #Itens 60 bin size 100 x 100
Instance 2 / Absolute 422
Running for 200 generations...
Best solution found has objective value = 45.265
Best packing sequence 17 4 7 28 50 59 22 42 55 39 43 48 3 52 1 32 30 35 51 5 21 56 37 53 49 29 16 46 6 31 0 27 8 36 18 15 47 57 11 44 40 10 24 45 23 20 14 34 33 9 26 38 54 58 12 13 25 2 41 19 

Class 9 #Itens 60 bin size 100 x 100
Instance 3 / Absolute 423
Running for 200 generations...
Best solution found has objective value = 46.3024
Best packing sequence 34 16 43 14 15 53 24 47 26 55 54 46 59 57 30 48 40 49 9 29 4 41 6 51 32 22 58 28 11 3 0 12 33 50 2 36 37 35 25 5 56 44 45 39 42 1 31 18 23 10 21 17 19 7 13 38 27 8 20 52 

Class 9 #Itens 60 bin size 100 x 100
Instance 4 / Absolute 424
Running for 200 generations...
Best solution found has objective value = 44.3132
Best packing sequence 37 22 2 20 25 18 19 53 23 52 51 38 13 34 16 55 30 39 43 9 12 36 11 47 4 42 56 41 57 14 10 29 33 17 31 24 50 15 6 27 0 8 58 49 59 40 35 5 44 26 3 54 1 32 45 48 28 21 7 46 

Class 9 #Itens 60 bin size 100 x 100
Instance 5 / Absolute 425
Running for 200 generations...
Best solution found has objective value = 41.28
Best packing sequence 43 22 28 15 56 21 1 3 51 8 45 7 53 55 34 20 26 19 40 32 44 10 50 5 47 29 9 48 54 2 16 6 17 27 42 38 49 24 4 13 12 25 37 52 41 57 0 39 31 14 23 11 36 35 59 33 18 58 30 46 

Class 9 #Itens 60 bin size 100 x 100
Instance 6 / Absolute 426
Running for 200 generations...
Best solution found has objective value = 37.3172
Best packing sequence 34 16 43 14 15 53 24 47 26 55 54 46 59 57 30 48 40 49 9 29 4 41 6 51 32 22 58 28 11 3 0 12 33 50 2 36 37 35 25 5 56 44 45 39 42 1 31 18 23 10 21 17 19 7 13 38 27 8 20 52 

Class 9 #Itens 60 bin size 100 x 100
Instance 7 / Absolute 427
Running for 200 generations...
Best solution found has objective value = 41.3249
Best packing sequence 34 16 43 14 15 53 24 47 26 55 54 46 59 57 30 48 40 49 9 29 4 41 6 51 32 22 58 28 11 3 0 12 33 50 2 36 37 35 25 5 56 44 45 39 42 1 31 18 23 10 21 17 19 7 13 38 27 8 20 52 

Class 9 #Itens 60 bin size 100 x 100
Instance 8 / Absolute 428
Running for 200 generations...
Best solution found has objective value = 47.2808
Best packing sequence 57 50 38 49 34 30 52 42 58 56 27 15 39 0 54 47 14 53 55 32 46 11 36 37 29 7 40 31 51 45 3 21 18 5 2 23 19 48 59 28 13 9 10 6 12 16 26 24 33 20 44 4 1 8 25 41 43 22 35 17 

Class 9 #Itens 60 bin size 100 x 100
Instance 9 / Absolute 429
Running for 200 generations...
Best solution found has objective value = 45.2912
Best packing sequence 34 16 43 14 15 53 24 47 26 55 54 46 59 57 30 48 40 49 9 29 4 41 6 51 32 22 58 28 11 3 0 12 33 50 2 36 37 35 25 5 56 44 45 39 42 1 31 18 23 10 21 17 19 7 13 38 27 8 20 52 

Class 9 #Itens 60 bin size 100 x 100
Instance 10 / Absolute 430
Running for 200 generations...
Best solution found has objective value = 45.286
Best packing sequence 34 16 43 14 15 53 24 47 26 55 54 46 59 57 30 48 40 49 9 29 4 41 6 51 32 22 58 28 11 3 0 12 33 50 2 36 37 35 25 5 56 44 45 39 42 1 31 18 23 10 21 17 19 7 13 38 27 8 20 52 

Z 43.7
Class mean 43.9974
Min fitness 37.3172


Class 9 #Itens 80 bin size 100 x 100
Instance 1 / Absolute 431
Running for 200 generations...
Best solution found has objective value = 59.2856
Best packing sequence 34 16 75 43 14 15 69 67 53 61 24 79 77 47 63 26 60 55 64 54 46 59 57 30 76 78 48 40 49 65 9 29 4 41 6 51 32 22 58 71 28 11 3 0 12 33 50 2 73 36 37 35 25 5 56 62 44 45 39 42 1 74 31 18 23 10 21 66 17 68 19 7 13 38 27 8 70 72 20 52 

Class 9 #Itens 80 bin size 100 x 100
Instance 2 / Absolute 432
Running for 200 generations...
Best solution found has objective value = 58.3355
Best packing sequence 78 74 31 23 2 12 70 25 37 1 67 55 10 79 40 21 54 72 16 4 0 19 36 8 3 27 51 76 77 20 17 9 38 69 47 71 32 5 43 61 58 45 22 33 26 34 42 63 28 18 59 68 53 30 35 6 49 7 13 50 46 52 15 14 11 56 24 66 64 73 60 44 41 48 65 62 39 75 57 29 

Class 9 #Itens 80 bin size 100 x 100
Instance 3 / Absolute 433
Running for 200 generations...
Best solution found has objective value = 57.3132
Best packing sequence 6 13 54 44 73 19 11 38 45 20 9 43 64 32 12 74 31 71 67 51 15 36 23 70 37 53 62 78 40 29 56 16 7 76 42 57 30 75 39 1 47 77 35 72 10 26 48 22 79 58 27 25 21 60 52 46 66 41 0 18 2 8 28 69 34 55 14 63 59 5 3 61 49 17 24 33 68 65 4 50 

Class 9 #Itens 80 bin size 100 x 100
Instance 4 / Absolute 434
Running for 200 generations...
Best solution found has objective value = 53.2703
Best packing sequence 42 2 14 41 48 8 31 47 75 76 27 19 3 6 17 33 66 58 60 59 4 21 70 71 50 10 7 9 43 72 77 67 13 32 53 55 68 22 0 57 61 51 74 40 26 16 54 1 24 69 79 64 35 62 30 78 56 29 38 65 23 73 34 44 15 12 45 20 36 28 49 25 11 63 46 37 52 5 39 18 

Class 9 #Itens 80 bin size 100 x 100
Instance 5 / Absolute 435
Running for 200 generations...
Best solution found has objective value = 62.3
Best packing sequence 57 44 47 32 23 18 4 68 29 62 2 15 14 79 27 43 25 0 39 41 72 70 75 17 45 61 26 77 16 12 9 69 56 46 71 11 21 40 67 48 37 8 76 58 55 10 51 34 31 3 6 50 64 36 13 24 20 63 28 33 60 54 38 30 7 74 19 73 49 66 1 35 78 52 53 65 42 5 22 59 

Class 9 #Itens 80 bin size 100 x 100
Instance 6 / Absolute 436
Running for 200 generations...
Best solution found has objective value = 62.2808
Best packing sequence 6 13 54 44 73 19 11 38 45 20 9 43 64 32 12 74 31 71 67 51 15 36 23 70 37 53 62 78 40 29 56 16 7 76 42 57 30 75 39 1 47 77 35 72 10 26 48 22 79 58 27 25 21 60 52 46 66 41 0 18 2 8 28 69 34 55 14 63 59 5 3 61 49 17 24 33 68 65 4 50 

Class 9 #Itens 80 bin size 100 x 100
Instance 7 / Absolute 437
Running for 200 generations...
Best solution found has objective value = 59.3363
Best packing sequence 60 44 65 50 42 27 0 48 75 71 30 55 4 2 36 54 76 18 28 15 10 53 41 1 20 24 69 37 51 31 45 21 6 17 49 13 77 3 72 29 16 19 68 73 22 46 40 9 14 56 63 11 62 5 52 34 78 61 58 38 33 74 57 66 43 35 32 23 70 67 26 39 79 7 12 47 25 59 64 8 

Class 9 #Itens 80 bin size 100 x 100
Instance 8 / Absolute 438
Running for 200 generations...
